{"/Users/rehman/Workspace/atbltd-health/apps/backend/src/app.controller.ts": {"path":"/Users/rehman/Workspace/atbltd-health/apps/backend/src/app.controller.ts","statementMap":{"0":{"start":{"line":1,"column":0},"end":{"line":1,"column":49}},"1":{"start":{"line":2,"column":0},"end":{"line":2,"column":43}},"2":{"start":{"line":5,"column":7},"end":{"line":21,"column":null}},"3":{"start":{"line":6,"column":31},"end":{"line":6,"column":43}},"4":{"start":{"line":10,"column":4},"end":{"line":10,"column":38}},"5":{"start":{"line":15,"column":4},"end":{"line":19,"column":6}},"6":{"start":{"line":5,"column":13},"end":{"line":5,"column":26}},"7":{"start":{"line":9,"column":2},"end":{"line":11,"column":null}},"8":{"start":{"line":14,"column":2},"end":{"line":20,"column":null}},"9":{"start":{"line":5,"column":13},"end":{"line":21,"column":null}}},"fnMap":{"0":{"name":"(anonymous_2)","decl":{"start":{"line":6,"column":2},"end":{"line":6,"column":31}},"loc":{"start":{"line":6,"column":53},"end":{"line":6,"column":57}}},"1":{"name":"(anonymous_3)","decl":{"start":{"line":9,"column":2},"end":{"line":9,"column":10}},"loc":{"start":{"line":9,"column":10},"end":{"line":11,"column":3}}},"2":{"name":"(anonymous_4)","decl":{"start":{"line":14,"column":2},"end":{"line":14,"column":11}},"loc":{"start":{"line":14,"column":11},"end":{"line":20,"column":3}}}},"branchMap":{},"s":{"0":1,"1":1,"2":1,"3":1,"4":1,"5":0,"6":1,"7":1,"8":1,"9":1},"f":{"0":1,"1":1,"2":0},"b":{}}
,"/Users/rehman/Workspace/atbltd-health/apps/backend/src/app.module.ts": {"path":"/Users/rehman/Workspace/atbltd-health/apps/backend/src/app.module.ts","statementMap":{"0":{"start":{"line":1,"column":0},"end":{"line":1,"column":40}},"1":{"start":{"line":2,"column":0},"end":{"line":2,"column":41}},"2":{"start":{"line":3,"column":0},"end":{"line":3,"column":49}},"3":{"start":{"line":4,"column":0},"end":{"line":4,"column":43}},"4":{"start":{"line":5,"column":0},"end":{"line":5,"column":48}},"5":{"start":{"line":6,"column":0},"end":{"line":6,"column":56}},"6":{"start":{"line":7,"column":0},"end":{"line":7,"column":59}},"7":{"start":{"line":8,"column":0},"end":{"line":8,"column":74}},"8":{"start":{"line":9,"column":0},"end":{"line":9,"column":59}},"9":{"start":{"line":10,"column":0},"end":{"line":10,"column":59}},"10":{"start":{"line":11,"column":0},"end":{"line":11,"column":74}},"11":{"start":{"line":12,"column":0},"end":{"line":12,"column":65}},"12":{"start":{"line":13,"column":0},"end":{"line":13,"column":59}},"13":{"start":{"line":14,"column":0},"end":{"line":14,"column":68}},"14":{"start":{"line":15,"column":0},"end":{"line":15,"column":80}},"15":{"start":{"line":16,"column":0},"end":{"line":16,"column":53}},"16":{"start":{"line":17,"column":0},"end":{"line":17,"column":62}},"17":{"start":{"line":18,"column":0},"end":{"line":18,"column":57}},"18":{"start":{"line":19,"column":0},"end":{"line":19,"column":68}},"19":{"start":{"line":50,"column":7},"end":{"line":50,"column":null}},"20":{"start":{"line":50,"column":13},"end":{"line":50,"column":22}},"21":{"start":{"line":50,"column":13},"end":{"line":50,"column":null}}},"fnMap":{},"branchMap":{},"s":{"0":0,"1":0,"2":0,"3":0,"4":0,"5":0,"6":0,"7":0,"8":0,"9":0,"10":0,"11":0,"12":0,"13":0,"14":0,"15":0,"16":0,"17":0,"18":0,"19":0,"20":0,"21":0},"f":{},"b":{}}
,"/Users/rehman/Workspace/atbltd-health/apps/backend/src/app.service.ts": {"path":"/Users/rehman/Workspace/atbltd-health/apps/backend/src/app.service.ts","statementMap":{"0":{"start":{"line":1,"column":0},"end":{"line":1,"column":44}},"1":{"start":{"line":4,"column":7},"end":{"line":8,"column":null}},"2":{"start":{"line":6,"column":4},"end":{"line":6,"column":26}},"3":{"start":{"line":4,"column":13},"end":{"line":4,"column":23}},"4":{"start":{"line":4,"column":13},"end":{"line":8,"column":null}}},"fnMap":{"0":{"name":"(anonymous_1)","decl":{"start":{"line":5,"column":2},"end":{"line":5,"column":10}},"loc":{"start":{"line":5,"column":10},"end":{"line":7,"column":3}}}},"branchMap":{},"s":{"0":1,"1":1,"2":1,"3":1,"4":1},"f":{"0":1},"b":{}}
,"/Users/rehman/Workspace/atbltd-health/apps/backend/src/main.ts": {"path":"/Users/rehman/Workspace/atbltd-health/apps/backend/src/main.ts","statementMap":{"0":{"start":{"line":1,"column":0},"end":{"line":1,"column":43}},"1":{"start":{"line":2,"column":0},"end":{"line":2,"column":48}},"2":{"start":{"line":3,"column":0},"end":{"line":3,"column":41}},"3":{"start":{"line":6,"column":14},"end":{"line":6,"column":49}},"4":{"start":{"line":9,"column":2},"end":{"line":20,"column":5}},"5":{"start":{"line":23,"column":2},"end":{"line":23,"column":29}},"6":{"start":{"line":26,"column":2},"end":{"line":35,"column":4}},"7":{"start":{"line":37,"column":15},"end":{"line":37,"column":39}},"8":{"start":{"line":38,"column":2},"end":{"line":38,"column":25}},"9":{"start":{"line":39,"column":2},"end":{"line":39,"column":68}},"10":{"start":{"line":40,"column":2},"end":{"line":40,"column":66}},"11":{"start":{"line":43,"column":0},"end":{"line":43,"column":12}}},"fnMap":{"0":{"name":"bootstrap","decl":{"start":{"line":5,"column":15},"end":{"line":5,"column":24}},"loc":{"start":{"line":5,"column":24},"end":{"line":41,"column":1}}}},"branchMap":{"0":{"loc":{"start":{"line":37,"column":15},"end":{"line":37,"column":39}},"type":"binary-expr","locations":[{"start":{"line":37,"column":15},"end":{"line":37,"column":31}},{"start":{"line":37,"column":35},"end":{"line":37,"column":39}}]}},"s":{"0":0,"1":0,"2":0,"3":0,"4":0,"5":0,"6":0,"7":0,"8":0,"9":0,"10":0,"11":0},"f":{"0":0},"b":{"0":[0,0]}}
,"/Users/rehman/Workspace/atbltd-health/apps/backend/src/common/decorators/current-user.decorator.ts": {"path":"/Users/rehman/Workspace/atbltd-health/apps/backend/src/common/decorators/current-user.decorator.ts","statementMap":{"0":{"start":{"line":1,"column":0},"end":{"line":1,"column":72}},"1":{"start":{"line":4,"column":13},"end":{"line":14,"column":2}},"2":{"start":{"line":9,"column":20},"end":{"line":9,"column":51}},"3":{"start":{"line":10,"column":17},"end":{"line":10,"column":43}},"4":{"start":{"line":12,"column":4},"end":{"line":12,"column":38}}},"fnMap":{"0":{"name":"(anonymous_0)","decl":{"start":{"line":5,"column":2},"end":{"line":5,"column":null}},"loc":{"start":{"line":8,"column":27},"end":{"line":13,"column":3}}}},"branchMap":{"0":{"loc":{"start":{"line":12,"column":11},"end":{"line":12,"column":37}},"type":"cond-expr","locations":[{"start":{"line":12,"column":18},"end":{"line":12,"column":30}},{"start":{"line":12,"column":33},"end":{"line":12,"column":37}}]},"1":{"loc":{"start":{"line":12,"column":18},"end":{"line":12,"column":30}},"type":"cond-expr","locations":[{"start":{"line":12,"column":22},"end":{"line":12,"column":25}},{"start":{"line":12,"column":18},"end":{"line":12,"column":30}}]},"2":{"loc":{"start":{"line":12,"column":18},"end":{"line":12,"column":25}},"type":"binary-expr","locations":[{"start":{"line":12,"column":18},"end":{"line":12,"column":25}},{"start":{"line":12,"column":18},"end":{"line":12,"column":25}}]}},"s":{"0":0,"1":0,"2":0,"3":0,"4":0},"f":{"0":0},"b":{"0":[0,0],"1":[0,0],"2":[0,0]}}
,"/Users/rehman/Workspace/atbltd-health/apps/backend/src/common/decorators/public.decorator.ts": {"path":"/Users/rehman/Workspace/atbltd-health/apps/backend/src/common/decorators/public.decorator.ts","statementMap":{"0":{"start":{"line":1,"column":0},"end":{"line":1,"column":45}},"1":{"start":{"line":3,"column":13},"end":{"line":3,"column":40}},"2":{"start":{"line":4,"column":22},"end":{"line":4,"column":60}},"3":{"start":{"line":4,"column":28},"end":{"line":4,"column":60}},"4":{"start":{"line":4,"column":13},"end":{"line":4,"column":22}}},"fnMap":{"0":{"name":"(anonymous_0)","decl":{"start":{"line":4,"column":22},"end":{"line":4,"column":25}},"loc":{"start":{"line":4,"column":28},"end":{"line":4,"column":60}}}},"branchMap":{},"s":{"0":0,"1":0,"2":0,"3":0,"4":0},"f":{"0":0},"b":{}}
,"/Users/rehman/Workspace/atbltd-health/apps/backend/src/common/decorators/roles.decorator.ts": {"path":"/Users/rehman/Workspace/atbltd-health/apps/backend/src/common/decorators/roles.decorator.ts","statementMap":{"0":{"start":{"line":1,"column":0},"end":{"line":1,"column":45}},"1":{"start":{"line":4,"column":13},"end":{"line":4,"column":33}},"2":{"start":{"line":5,"column":21},"end":{"line":5,"column":76}},"3":{"start":{"line":5,"column":47},"end":{"line":5,"column":76}},"4":{"start":{"line":5,"column":13},"end":{"line":5,"column":21}}},"fnMap":{"0":{"name":"(anonymous_0)","decl":{"start":{"line":5,"column":21},"end":{"line":5,"column":22}},"loc":{"start":{"line":5,"column":47},"end":{"line":5,"column":76}}}},"branchMap":{},"s":{"0":0,"1":0,"2":0,"3":0,"4":0},"f":{"0":0},"b":{}}
,"/Users/rehman/Workspace/atbltd-health/apps/backend/src/common/enums/claim-status.enum.ts": {"path":"/Users/rehman/Workspace/atbltd-health/apps/backend/src/common/enums/claim-status.enum.ts","statementMap":{"0":{"start":{"line":1,"column":0},"end":{"line":1,"column":null}},"1":{"start":{"line":2,"column":2},"end":{"line":2,"column":null}},"2":{"start":{"line":3,"column":2},"end":{"line":3,"column":null}},"3":{"start":{"line":4,"column":2},"end":{"line":4,"column":null}},"4":{"start":{"line":5,"column":2},"end":{"line":5,"column":null}},"5":{"start":{"line":6,"column":2},"end":{"line":6,"column":null}},"6":{"start":{"line":7,"column":2},"end":{"line":7,"column":null}},"7":{"start":{"line":8,"column":2},"end":{"line":8,"column":null}}},"fnMap":{"0":{"name":"(anonymous_0)","decl":{"start":{"line":1,"column":0},"end":{"line":1,"column":12}},"loc":{"start":{"line":1,"column":23},"end":{"line":9,"column":1}}}},"branchMap":{"0":{"loc":{"start":{"line":1,"column":12},"end":{"line":1,"column":null}},"type":"binary-expr","locations":[{"start":{"line":1,"column":12},"end":{"line":1,"column":23}},{"start":{"line":1,"column":23},"end":{"line":1,"column":null}}]}},"s":{"0":3,"1":3,"2":3,"3":3,"4":3,"5":3,"6":3,"7":3},"f":{"0":3},"b":{"0":[3,3]}}
,"/Users/rehman/Workspace/atbltd-health/apps/backend/src/common/enums/user-role.enum.ts": {"path":"/Users/rehman/Workspace/atbltd-health/apps/backend/src/common/enums/user-role.enum.ts","statementMap":{"0":{"start":{"line":1,"column":0},"end":{"line":1,"column":null}},"1":{"start":{"line":2,"column":2},"end":{"line":2,"column":null}},"2":{"start":{"line":3,"column":2},"end":{"line":3,"column":null}},"3":{"start":{"line":4,"column":2},"end":{"line":4,"column":null}},"4":{"start":{"line":5,"column":2},"end":{"line":5,"column":null}},"5":{"start":{"line":6,"column":2},"end":{"line":6,"column":null}}},"fnMap":{"0":{"name":"(anonymous_0)","decl":{"start":{"line":1,"column":0},"end":{"line":1,"column":12}},"loc":{"start":{"line":1,"column":20},"end":{"line":7,"column":1}}}},"branchMap":{"0":{"loc":{"start":{"line":1,"column":12},"end":{"line":1,"column":null}},"type":"binary-expr","locations":[{"start":{"line":1,"column":12},"end":{"line":1,"column":20}},{"start":{"line":1,"column":20},"end":{"line":1,"column":null}}]}},"s":{"0":6,"1":6,"2":6,"3":6,"4":6,"5":6},"f":{"0":6},"b":{"0":[6,6]}}
,"/Users/rehman/Workspace/atbltd-health/apps/backend/src/common/guards/jwt-auth.guard.ts": {"path":"/Users/rehman/Workspace/atbltd-health/apps/backend/src/common/guards/jwt-auth.guard.ts","statementMap":{"0":{"start":{"line":1,"column":0},"end":{"line":1,"column":62}},"1":{"start":{"line":2,"column":0},"end":{"line":2,"column":45}},"2":{"start":{"line":3,"column":0},"end":{"line":3,"column":41}},"3":{"start":{"line":6,"column":7},"end":{"line":24,"column":null}},"4":{"start":{"line":8,"column":4},"end":{"line":8,"column":12}},"5":{"start":{"line":7,"column":22},"end":{"line":7,"column":33}},"6":{"start":{"line":13,"column":21},"end":{"line":16,"column":6}},"7":{"start":{"line":18,"column":4},"end":{"line":20,"column":5}},"8":{"start":{"line":19,"column":6},"end":{"line":19,"column":18}},"9":{"start":{"line":22,"column":4},"end":{"line":22,"column":38}},"10":{"start":{"line":6,"column":13},"end":{"line":6,"column":25}},"11":{"start":{"line":6,"column":13},"end":{"line":24,"column":null}}},"fnMap":{"0":{"name":"(anonymous_2)","decl":{"start":{"line":7,"column":2},"end":{"line":7,"column":22}},"loc":{"start":{"line":7,"column":42},"end":{"line":9,"column":3}}},"1":{"name":"(anonymous_3)","decl":{"start":{"line":11,"column":2},"end":{"line":11,"column":13}},"loc":{"start":{"line":11,"column":39},"end":{"line":23,"column":3}}}},"branchMap":{"0":{"loc":{"start":{"line":18,"column":4},"end":{"line":20,"column":5}},"type":"if","locations":[{"start":{"line":18,"column":4},"end":{"line":20,"column":5}}]}},"s":{"0":0,"1":0,"2":0,"3":0,"4":0,"5":0,"6":0,"7":0,"8":0,"9":0,"10":0,"11":0},"f":{"0":0,"1":0},"b":{"0":[0]}}
,"/Users/rehman/Workspace/atbltd-health/apps/backend/src/common/guards/roles.guard.ts": {"path":"/Users/rehman/Workspace/atbltd-health/apps/backend/src/common/guards/roles.guard.ts","statementMap":{"0":{"start":{"line":1,"column":0},"end":{"line":1,"column":75}},"1":{"start":{"line":2,"column":0},"end":{"line":2,"column":41}},"2":{"start":{"line":4,"column":0},"end":{"line":4,"column":58}},"3":{"start":{"line":7,"column":7},"end":{"line":28,"column":null}},"4":{"start":{"line":8,"column":22},"end":{"line":8,"column":33}},"5":{"start":{"line":11,"column":26},"end":{"line":13,"column":null}},"6":{"start":{"line":16,"column":4},"end":{"line":18,"column":5}},"7":{"start":{"line":17,"column":6},"end":{"line":17,"column":18}},"8":{"start":{"line":20,"column":21},"end":{"line":20,"column":56}},"9":{"start":{"line":22,"column":4},"end":{"line":24,"column":5}},"10":{"start":{"line":23,"column":6},"end":{"line":23,"column":19}},"11":{"start":{"line":26,"column":4},"end":{"line":26,"column":45}},"12":{"start":{"line":7,"column":13},"end":{"line":7,"column":23}},"13":{"start":{"line":7,"column":13},"end":{"line":28,"column":null}}},"fnMap":{"0":{"name":"(anonymous_2)","decl":{"start":{"line":8,"column":2},"end":{"line":8,"column":22}},"loc":{"start":{"line":8,"column":42},"end":{"line":8,"column":46}}},"1":{"name":"(anonymous_3)","decl":{"start":{"line":10,"column":2},"end":{"line":10,"column":13}},"loc":{"start":{"line":10,"column":39},"end":{"line":27,"column":3}}}},"branchMap":{"0":{"loc":{"start":{"line":16,"column":4},"end":{"line":18,"column":5}},"type":"if","locations":[{"start":{"line":16,"column":4},"end":{"line":18,"column":5}}]},"1":{"loc":{"start":{"line":22,"column":4},"end":{"line":24,"column":5}},"type":"if","locations":[{"start":{"line":22,"column":4},"end":{"line":24,"column":5}}]}},"s":{"0":0,"1":0,"2":0,"3":0,"4":0,"5":0,"6":0,"7":0,"8":0,"9":0,"10":0,"11":0,"12":0,"13":0},"f":{"0":0,"1":0},"b":{"0":[0],"1":[0]}}
,"/Users/rehman/Workspace/atbltd-health/apps/backend/src/common/interceptors/audit-log.interceptor.ts": {"path":"/Users/rehman/Workspace/atbltd-health/apps/backend/src/common/interceptors/audit-log.interceptor.ts","statementMap":{"0":{"start":{"line":1,"column":0},"end":{"line":1,"column":null}},"1":{"start":{"line":8,"column":0},"end":{"line":8,"column":37}},"2":{"start":{"line":9,"column":0},"end":{"line":9,"column":51}},"3":{"start":{"line":10,"column":0},"end":{"line":10,"column":37}},"4":{"start":{"line":11,"column":0},"end":{"line":11,"column":59}},"5":{"start":{"line":15,"column":7},"end":{"line":168,"column":null}},"6":{"start":{"line":28,"column":21},"end":{"line":28,"column":41}},"7":{"start":{"line":17,"column":19},"end":{"line":17,"column":73}},"8":{"start":{"line":20,"column":19},"end":{"line":24,"column":4}},"9":{"start":{"line":32,"column":29},"end":{"line":32,"column":64}},"10":{"start":{"line":33,"column":19},"end":{"line":33,"column":33}},"11":{"start":{"line":34,"column":16},"end":{"line":34,"column":27}},"12":{"start":{"line":37,"column":4},"end":{"line":42,"column":5}},"13":{"start":{"line":41,"column":6},"end":{"line":41,"column":27}},"14":{"start":{"line":44,"column":18},"end":{"line":44,"column":38}},"15":{"start":{"line":45,"column":22},"end":{"line":45,"column":32}},"16":{"start":{"line":47,"column":4},"end":{"line":71,"column":6}},"17":{"start":{"line":51,"column":10},"end":{"line":57,"column":12}},"18":{"start":{"line":61,"column":10},"end":{"line":68,"column":12}},"19":{"start":{"line":82,"column":4},"end":{"line":109,"column":5}},"20":{"start":{"line":83,"column":21},"end":{"line":83,"column":70}},"21":{"start":{"line":85,"column":6},"end":{"line":105,"column":9}},"22":{"start":{"line":108,"column":6},"end":{"line":108,"column":66}},"23":{"start":{"line":113,"column":19},"end":{"line":113,"column":63}},"24":{"start":{"line":115,"column":4},"end":{"line":125,"column":5}},"25":{"start":{"line":117,"column":8},"end":{"line":117,"column":35}},"26":{"start":{"line":120,"column":8},"end":{"line":120,"column":35}},"27":{"start":{"line":122,"column":8},"end":{"line":122,"column":35}},"28":{"start":{"line":124,"column":8},"end":{"line":124,"column":36}},"29":{"start":{"line":130,"column":18},"end":{"line":130,"column":48}},"30":{"start":{"line":132,"column":4},"end":{"line":132,"column":33}},"31":{"start":{"line":138,"column":6},"end":{"line":138,"column":69}},"32":{"start":{"line":139,"column":18},"end":{"line":139,"column":40}},"33":{"start":{"line":140,"column":4},"end":{"line":140,"column":35}},"34":{"start":{"line":144,"column":4},"end":{"line":144,"column":27}},"35":{"start":{"line":144,"column":15},"end":{"line":144,"column":27}},"36":{"start":{"line":147,"column":19},"end":{"line":147,"column":33}},"37":{"start":{"line":148,"column":4},"end":{"line":148,"column":30}},"38":{"start":{"line":149,"column":4},"end":{"line":149,"column":25}},"39":{"start":{"line":150,"column":4},"end":{"line":150,"column":27}},"40":{"start":{"line":151,"column":4},"end":{"line":151,"column":33}},"41":{"start":{"line":152,"column":4},"end":{"line":152,"column":25}},"42":{"start":{"line":154,"column":4},"end":{"line":154,"column":21}},"43":{"start":{"line":158,"column":22},"end":{"line":158,"column":56}},"44":{"start":{"line":159,"column":4},"end":{"line":165,"column":5}},"45":{"start":{"line":160,"column":6},"end":{"line":164,"column":8}},"46":{"start":{"line":166,"column":4},"end":{"line":166,"column":68}},"47":{"start":{"line":15,"column":13},"end":{"line":15,"column":32}},"48":{"start":{"line":15,"column":13},"end":{"line":168,"column":null}}},"fnMap":{"0":{"name":"(anonymous_4)","decl":{"start":{"line":26,"column":2},"end":{"line":26,"column":null}},"loc":{"start":{"line":28,"column":61},"end":{"line":29,"column":6}}},"1":{"name":"(anonymous_5)","decl":{"start":{"line":31,"column":2},"end":{"line":31,"column":11}},"loc":{"start":{"line":31,"column":56},"end":{"line":72,"column":3}}},"2":{"name":"(anonymous_6)","decl":{"start":{"line":49,"column":14},"end":{"line":49,"column":15}},"loc":{"start":{"line":49,"column":31},"end":{"line":58,"column":9}}},"3":{"name":"(anonymous_7)","decl":{"start":{"line":59,"column":15},"end":{"line":59,"column":16}},"loc":{"start":{"line":59,"column":25},"end":{"line":69,"column":9}}},"4":{"name":"(anonymous_8)","decl":{"start":{"line":74,"column":10},"end":{"line":74,"column":15}},"loc":{"start":{"line":80,"column":25},"end":{"line":110,"column":3}}},"5":{"name":"(anonymous_9)","decl":{"start":{"line":112,"column":10},"end":{"line":112,"column":25}},"loc":{"start":{"line":112,"column":53},"end":{"line":126,"column":3}}},"6":{"name":"(anonymous_10)","decl":{"start":{"line":128,"column":10},"end":{"line":128,"column":30}},"loc":{"start":{"line":128,"column":42},"end":{"line":133,"column":3}}},"7":{"name":"(anonymous_11)","decl":{"start":{"line":135,"column":10},"end":{"line":135,"column":26}},"loc":{"start":{"line":135,"column":38},"end":{"line":141,"column":3}}},"8":{"name":"(anonymous_12)","decl":{"start":{"line":143,"column":10},"end":{"line":143,"column":22}},"loc":{"start":{"line":143,"column":32},"end":{"line":155,"column":3}}},"9":{"name":"(anonymous_13)","decl":{"start":{"line":157,"column":10},"end":{"line":157,"column":21}},"loc":{"start":{"line":157,"column":38},"end":{"line":167,"column":3}}}},"branchMap":{"0":{"loc":{"start":{"line":37,"column":4},"end":{"line":42,"column":5}},"type":"if","locations":[{"start":{"line":37,"column":4},"end":{"line":42,"column":5}}]},"1":{"loc":{"start":{"line":38,"column":6},"end":{"line":39,"column":39}},"type":"binary-expr","locations":[{"start":{"line":38,"column":6},"end":{"line":38,"column":45}},{"start":{"line":39,"column":6},"end":{"line":39,"column":39}}]},"2":{"loc":{"start":{"line":89,"column":10},"end":{"line":91,"column":44}},"type":"binary-expr","locations":[{"start":{"line":89,"column":10},"end":{"line":89,"column":26}},{"start":{"line":90,"column":10},"end":{"line":90,"column":32}},{"start":{"line":91,"column":10},"end":{"line":91,"column":44}}]},"3":{"loc":{"start":{"line":89,"column":10},"end":{"line":89,"column":26}},"type":"cond-expr","locations":[{"start":{"line":89,"column":22},"end":{"line":89,"column":24}},{"start":{"line":89,"column":10},"end":{"line":89,"column":26}}]},"4":{"loc":{"start":{"line":89,"column":10},"end":{"line":89,"column":24}},"type":"binary-expr","locations":[{"start":{"line":89,"column":10},"end":{"line":89,"column":24}},{"start":{"line":89,"column":10},"end":{"line":89,"column":24}}]},"5":{"loc":{"start":{"line":90,"column":10},"end":{"line":90,"column":32}},"type":"cond-expr","locations":[{"start":{"line":90,"column":22},"end":{"line":90,"column":24}},{"start":{"line":90,"column":10},"end":{"line":90,"column":32}}]},"6":{"loc":{"start":{"line":90,"column":10},"end":{"line":90,"column":24}},"type":"binary-expr","locations":[{"start":{"line":90,"column":10},"end":{"line":90,"column":24}},{"start":{"line":90,"column":10},"end":{"line":90,"column":24}}]},"7":{"loc":{"start":{"line":92,"column":23},"end":{"line":92,"column":44}},"type":"binary-expr","locations":[{"start":{"line":92,"column":23},"end":{"line":92,"column":32}},{"start":{"line":92,"column":36},"end":{"line":92,"column":44}}]},"8":{"loc":{"start":{"line":92,"column":23},"end":{"line":92,"column":32}},"type":"cond-expr","locations":[{"start":{"line":92,"column":27},"end":{"line":92,"column":29}},{"start":{"line":92,"column":23},"end":{"line":92,"column":32}}]},"9":{"loc":{"start":{"line":92,"column":23},"end":{"line":92,"column":29}},"type":"binary-expr","locations":[{"start":{"line":92,"column":23},"end":{"line":92,"column":29}},{"start":{"line":92,"column":23},"end":{"line":92,"column":29}}]},"10":{"loc":{"start":{"line":103,"column":19},"end":{"line":103,"column":61}},"type":"binary-expr","locations":[{"start":{"line":103,"column":19},"end":{"line":103,"column":48}},{"start":{"line":103,"column":52},"end":{"line":103,"column":61}}]},"11":{"loc":{"start":{"line":115,"column":4},"end":{"line":125,"column":5}},"type":"switch","locations":[{"start":{"line":116,"column":6},"end":{"line":117,"column":35}},{"start":{"line":118,"column":6},"end":{"line":118,"column":17}},{"start":{"line":119,"column":6},"end":{"line":120,"column":35}},{"start":{"line":121,"column":6},"end":{"line":122,"column":35}},{"start":{"line":123,"column":6},"end":{"line":124,"column":36}}]},"12":{"loc":{"start":{"line":132,"column":11},"end":{"line":132,"column":32}},"type":"binary-expr","locations":[{"start":{"line":132,"column":11},"end":{"line":132,"column":19}},{"start":{"line":132,"column":23},"end":{"line":132,"column":32}}]},"13":{"loc":{"start":{"line":140,"column":11},"end":{"line":140,"column":34}},"type":"cond-expr","locations":[{"start":{"line":140,"column":19},"end":{"line":140,"column":27}},{"start":{"line":140,"column":30},"end":{"line":140,"column":34}}]},"14":{"loc":{"start":{"line":144,"column":4},"end":{"line":144,"column":27}},"type":"if","locations":[{"start":{"line":144,"column":4},"end":{"line":144,"column":27}}]},"15":{"loc":{"start":{"line":159,"column":4},"end":{"line":165,"column":5}},"type":"if","locations":[{"start":{"line":159,"column":4},"end":{"line":165,"column":5}}]},"16":{"loc":{"start":{"line":161,"column":8},"end":{"line":163,"column":30}},"type":"binary-expr","locations":[{"start":{"line":161,"column":8},"end":{"line":163,"column":17}},{"start":{"line":163,"column":21},"end":{"line":163,"column":30}}]},"17":{"loc":{"start":{"line":161,"column":8},"end":{"line":163,"column":17}},"type":"cond-expr","locations":[{"start":{"line":161,"column":66},"end":{"line":161,"column":null}},{"start":{"line":161,"column":66},"end":{"line":163,"column":17}}]},"18":{"loc":{"start":{"line":161,"column":8},"end":{"line":161,"column":null}},"type":"binary-expr","locations":[{"start":{"line":161,"column":8},"end":{"line":161,"column":null}},{"start":{"line":161,"column":66},"end":{"line":161,"column":null}}]},"19":{"loc":{"start":{"line":161,"column":9},"end":{"line":161,"column":65}},"type":"cond-expr","locations":[{"start":{"line":161,"column":41},"end":{"line":161,"column":50}},{"start":{"line":161,"column":53},"end":{"line":161,"column":65}}]},"20":{"loc":{"start":{"line":166,"column":11},"end":{"line":166,"column":67}},"type":"binary-expr","locations":[{"start":{"line":166,"column":11},"end":{"line":166,"column":21}},{"start":{"line":166,"column":25},"end":{"line":166,"column":54}},{"start":{"line":166,"column":58},"end":{"line":166,"column":67}}]},"21":{"loc":{"start":{"line":166,"column":25},"end":{"line":166,"column":54}},"type":"cond-expr","locations":[{"start":{"line":166,"column":39},"end":{"line":166,"column":41}},{"start":{"line":166,"column":39},"end":{"line":166,"column":54}}]},"22":{"loc":{"start":{"line":166,"column":25},"end":{"line":166,"column":41}},"type":"binary-expr","locations":[{"start":{"line":166,"column":25},"end":{"line":166,"column":41}},{"start":{"line":166,"column":39},"end":{"line":166,"column":41}}]}},"s":{"0":0,"1":0,"2":0,"3":0,"4":0,"5":0,"6":0,"7":0,"8":0,"9":0,"10":0,"11":0,"12":0,"13":0,"14":0,"15":0,"16":0,"17":0,"18":0,"19":0,"20":0,"21":0,"22":0,"23":0,"24":0,"25":0,"26":0,"27":0,"28":0,"29":0,"30":0,"31":0,"32":0,"33":0,"34":0,"35":0,"36":0,"37":0,"38":0,"39":0,"40":0,"41":0,"42":0,"43":0,"44":0,"45":0,"46":0,"47":0,"48":0},"f":{"0":0,"1":0,"2":0,"3":0,"4":0,"5":0,"6":0,"7":0,"8":0,"9":0},"b":{"0":[0],"1":[0,0],"2":[0,0,0],"3":[0,0],"4":[0,0],"5":[0,0],"6":[0,0],"7":[0,0],"8":[0,0],"9":[0,0],"10":[0,0],"11":[0,0,0,0,0],"12":[0,0],"13":[0,0],"14":[0],"15":[0],"16":[0,0],"17":[0,0],"18":[0,0],"19":[0,0],"20":[0,0,0],"21":[0,0],"22":[0,0]}}
,"/Users/rehman/Workspace/atbltd-health/apps/backend/src/core/core.module.ts": {"path":"/Users/rehman/Workspace/atbltd-health/apps/backend/src/core/core.module.ts","statementMap":{"0":{"start":{"line":1,"column":0},"end":{"line":1,"column":40}},"1":{"start":{"line":2,"column":0},"end":{"line":2,"column":61}},"2":{"start":{"line":3,"column":0},"end":{"line":3,"column":48}},"3":{"start":{"line":27,"column":7},"end":{"line":27,"column":null}},"4":{"start":{"line":27,"column":13},"end":{"line":27,"column":23}},"5":{"start":{"line":27,"column":13},"end":{"line":27,"column":null}},"6":{"start":{"line":14,"column":53},"end":{"line":23,"column":8}}},"fnMap":{"0":{"name":"(anonymous_1)","decl":{"start":{"line":14,"column":18},"end":{"line":14,"column":19}},"loc":{"start":{"line":14,"column":53},"end":{"line":23,"column":8}}}},"branchMap":{},"s":{"0":0,"1":0,"2":0,"3":0,"4":0,"5":0,"6":0},"f":{"0":0},"b":{}}
,"/Users/rehman/Workspace/atbltd-health/apps/backend/src/entities/agent.entity.ts": {"path":"/Users/rehman/Workspace/atbltd-health/apps/backend/src/entities/agent.entity.ts","statementMap":{"0":{"start":{"line":1,"column":0},"end":{"line":1,"column":null}},"1":{"start":{"line":11,"column":0},"end":{"line":11,"column":37}},"2":{"start":{"line":12,"column":0},"end":{"line":12,"column":49}},"3":{"start":{"line":14,"column":0},"end":{"line":14,"column":null}},"4":{"start":{"line":15,"column":2},"end":{"line":15,"column":null}},"5":{"start":{"line":16,"column":2},"end":{"line":16,"column":null}},"6":{"start":{"line":17,"column":2},"end":{"line":17,"column":null}},"7":{"start":{"line":18,"column":2},"end":{"line":18,"column":null}},"8":{"start":{"line":19,"column":2},"end":{"line":19,"column":null}},"9":{"start":{"line":20,"column":2},"end":{"line":20,"column":null}},"10":{"start":{"line":21,"column":2},"end":{"line":21,"column":null}},"11":{"start":{"line":22,"column":2},"end":{"line":22,"column":null}},"12":{"start":{"line":26,"column":7},"end":{"line":113,"column":null}},"13":{"start":{"line":26,"column":13},"end":{"line":26,"column":18}},"14":{"start":{"line":28,"column":2},"end":{"line":28,"column":null}},"15":{"start":{"line":32,"column":2},"end":{"line":32,"column":null}},"16":{"start":{"line":30,"column":19},"end":{"line":30,"column":23}},"17":{"start":{"line":35,"column":2},"end":{"line":35,"column":null}},"18":{"start":{"line":38,"column":2},"end":{"line":38,"column":null}},"19":{"start":{"line":46,"column":2},"end":{"line":46,"column":null}},"20":{"start":{"line":54,"column":2},"end":{"line":54,"column":null}},"21":{"start":{"line":62,"column":2},"end":{"line":62,"column":null}},"22":{"start":{"line":65,"column":2},"end":{"line":65,"column":null}},"23":{"start":{"line":68,"column":2},"end":{"line":68,"column":null}},"24":{"start":{"line":75,"column":2},"end":{"line":75,"column":null}},"25":{"start":{"line":70,"column":19},"end":{"line":70,"column":24}},"26":{"start":{"line":70,"column":37},"end":{"line":70,"column":52}},"27":{"start":{"line":78,"column":2},"end":{"line":78,"column":null}},"28":{"start":{"line":81,"column":2},"end":{"line":81,"column":null}},"29":{"start":{"line":80,"column":19},"end":{"line":80,"column":24}},"30":{"start":{"line":80,"column":37},"end":{"line":80,"column":54}},"31":{"start":{"line":84,"column":2},"end":{"line":84,"column":null}},"32":{"start":{"line":83,"column":19},"end":{"line":83,"column":29}},"33":{"start":{"line":83,"column":47},"end":{"line":83,"column":63}},"34":{"start":{"line":87,"column":2},"end":{"line":87,"column":null}},"35":{"start":{"line":94,"column":2},"end":{"line":94,"column":null}},"36":{"start":{"line":97,"column":2},"end":{"line":97,"column":null}},"37":{"start":{"line":100,"column":2},"end":{"line":100,"column":null}},"38":{"start":{"line":103,"column":2},"end":{"line":103,"column":null}},"39":{"start":{"line":106,"column":2},"end":{"line":106,"column":null}},"40":{"start":{"line":109,"column":2},"end":{"line":109,"column":null}},"41":{"start":{"line":112,"column":2},"end":{"line":112,"column":null}},"42":{"start":{"line":26,"column":13},"end":{"line":113,"column":null}}},"fnMap":{"0":{"name":"(anonymous_2)","decl":{"start":{"line":14,"column":0},"end":{"line":14,"column":12}},"loc":{"start":{"line":14,"column":31},"end":{"line":23,"column":1}}},"1":{"name":"(anonymous_3)","decl":{"start":{"line":30,"column":13},"end":{"line":30,"column":16}},"loc":{"start":{"line":30,"column":19},"end":{"line":30,"column":23}}},"2":{"name":"(anonymous_4)","decl":{"start":{"line":70,"column":13},"end":{"line":70,"column":16}},"loc":{"start":{"line":70,"column":19},"end":{"line":70,"column":24}}},"3":{"name":"(anonymous_5)","decl":{"start":{"line":70,"column":26},"end":{"line":70,"column":27}},"loc":{"start":{"line":70,"column":37},"end":{"line":70,"column":52}}},"4":{"name":"(anonymous_6)","decl":{"start":{"line":80,"column":13},"end":{"line":80,"column":16}},"loc":{"start":{"line":80,"column":19},"end":{"line":80,"column":24}}},"5":{"name":"(anonymous_7)","decl":{"start":{"line":80,"column":26},"end":{"line":80,"column":27}},"loc":{"start":{"line":80,"column":37},"end":{"line":80,"column":54}}},"6":{"name":"(anonymous_8)","decl":{"start":{"line":83,"column":13},"end":{"line":83,"column":16}},"loc":{"start":{"line":83,"column":19},"end":{"line":83,"column":29}}},"7":{"name":"(anonymous_9)","decl":{"start":{"line":83,"column":31},"end":{"line":83,"column":32}},"loc":{"start":{"line":83,"column":47},"end":{"line":83,"column":63}}}},"branchMap":{"0":{"loc":{"start":{"line":14,"column":12},"end":{"line":14,"column":null}},"type":"binary-expr","locations":[{"start":{"line":14,"column":12},"end":{"line":14,"column":31}},{"start":{"line":14,"column":31},"end":{"line":14,"column":null}}]}},"s":{"0":4,"1":4,"2":4,"3":4,"4":4,"5":4,"6":4,"7":4,"8":4,"9":4,"10":4,"11":4,"12":4,"13":4,"14":4,"15":4,"16":0,"17":4,"18":4,"19":4,"20":4,"21":4,"22":4,"23":4,"24":4,"25":0,"26":0,"27":4,"28":4,"29":0,"30":0,"31":4,"32":0,"33":0,"34":4,"35":4,"36":4,"37":4,"38":4,"39":4,"40":4,"41":4,"42":4},"f":{"0":4,"1":0,"2":0,"3":0,"4":0,"5":0,"6":0,"7":0},"b":{"0":[4,4]}}
,"/Users/rehman/Workspace/atbltd-health/apps/backend/src/entities/audit-log.entity.ts": {"path":"/Users/rehman/Workspace/atbltd-health/apps/backend/src/entities/audit-log.entity.ts","statementMap":{"0":{"start":{"line":1,"column":0},"end":{"line":1,"column":null}},"1":{"start":{"line":9,"column":0},"end":{"line":9,"column":37}},"2":{"start":{"line":12,"column":7},"end":{"line":49,"column":null}},"3":{"start":{"line":12,"column":13},"end":{"line":12,"column":21}},"4":{"start":{"line":14,"column":2},"end":{"line":14,"column":null}},"5":{"start":{"line":18,"column":2},"end":{"line":18,"column":null}},"6":{"start":{"line":16,"column":19},"end":{"line":16,"column":23}},"7":{"start":{"line":16,"column":35},"end":{"line":16,"column":49}},"8":{"start":{"line":21,"column":2},"end":{"line":21,"column":null}},"9":{"start":{"line":24,"column":2},"end":{"line":24,"column":null}},"10":{"start":{"line":27,"column":2},"end":{"line":27,"column":null}},"11":{"start":{"line":30,"column":2},"end":{"line":30,"column":null}},"12":{"start":{"line":33,"column":2},"end":{"line":33,"column":null}},"13":{"start":{"line":36,"column":2},"end":{"line":36,"column":null}},"14":{"start":{"line":39,"column":2},"end":{"line":39,"column":null}},"15":{"start":{"line":42,"column":2},"end":{"line":42,"column":null}},"16":{"start":{"line":45,"column":2},"end":{"line":45,"column":null}},"17":{"start":{"line":48,"column":2},"end":{"line":48,"column":null}},"18":{"start":{"line":12,"column":13},"end":{"line":49,"column":null}}},"fnMap":{"0":{"name":"(anonymous_2)","decl":{"start":{"line":16,"column":13},"end":{"line":16,"column":16}},"loc":{"start":{"line":16,"column":19},"end":{"line":16,"column":23}}},"1":{"name":"(anonymous_3)","decl":{"start":{"line":16,"column":25},"end":{"line":16,"column":26}},"loc":{"start":{"line":16,"column":35},"end":{"line":16,"column":49}}}},"branchMap":{},"s":{"0":6,"1":6,"2":6,"3":6,"4":6,"5":6,"6":0,"7":0,"8":6,"9":6,"10":6,"11":6,"12":6,"13":6,"14":6,"15":6,"16":6,"17":6,"18":6},"f":{"0":0,"1":0},"b":{}}
,"/Users/rehman/Workspace/atbltd-health/apps/backend/src/entities/claim-document.entity.ts": {"path":"/Users/rehman/Workspace/atbltd-health/apps/backend/src/entities/claim-document.entity.ts","statementMap":{"0":{"start":{"line":1,"column":0},"end":{"line":1,"column":null}},"1":{"start":{"line":9,"column":0},"end":{"line":9,"column":39}},"2":{"start":{"line":12,"column":7},"end":{"line":40,"column":null}},"3":{"start":{"line":12,"column":13},"end":{"line":12,"column":26}},"4":{"start":{"line":14,"column":2},"end":{"line":14,"column":null}},"5":{"start":{"line":18,"column":2},"end":{"line":18,"column":null}},"6":{"start":{"line":16,"column":19},"end":{"line":16,"column":24}},"7":{"start":{"line":21,"column":2},"end":{"line":21,"column":null}},"8":{"start":{"line":24,"column":2},"end":{"line":24,"column":null}},"9":{"start":{"line":27,"column":2},"end":{"line":27,"column":null}},"10":{"start":{"line":30,"column":2},"end":{"line":30,"column":null}},"11":{"start":{"line":33,"column":2},"end":{"line":33,"column":null}},"12":{"start":{"line":36,"column":2},"end":{"line":36,"column":null}},"13":{"start":{"line":39,"column":2},"end":{"line":39,"column":null}},"14":{"start":{"line":12,"column":13},"end":{"line":40,"column":null}}},"fnMap":{"0":{"name":"(anonymous_2)","decl":{"start":{"line":16,"column":13},"end":{"line":16,"column":16}},"loc":{"start":{"line":16,"column":19},"end":{"line":16,"column":24}}}},"branchMap":{},"s":{"0":2,"1":2,"2":2,"3":2,"4":2,"5":2,"6":0,"7":2,"8":2,"9":2,"10":2,"11":2,"12":2,"13":2,"14":2},"f":{"0":0},"b":{}}
,"/Users/rehman/Workspace/atbltd-health/apps/backend/src/entities/claim.entity.ts": {"path":"/Users/rehman/Workspace/atbltd-health/apps/backend/src/entities/claim.entity.ts","statementMap":{"0":{"start":{"line":1,"column":0},"end":{"line":1,"column":null}},"1":{"start":{"line":10,"column":0},"end":{"line":10,"column":37}},"2":{"start":{"line":11,"column":0},"end":{"line":11,"column":64}},"3":{"start":{"line":14,"column":7},"end":{"line":103,"column":null}},"4":{"start":{"line":14,"column":13},"end":{"line":14,"column":18}},"5":{"start":{"line":16,"column":2},"end":{"line":16,"column":null}},"6":{"start":{"line":20,"column":2},"end":{"line":20,"column":null}},"7":{"start":{"line":18,"column":19},"end":{"line":18,"column":23}},"8":{"start":{"line":23,"column":2},"end":{"line":23,"column":null}},"9":{"start":{"line":26,"column":2},"end":{"line":26,"column":null}},"10":{"start":{"line":29,"column":2},"end":{"line":29,"column":null}},"11":{"start":{"line":32,"column":2},"end":{"line":32,"column":null}},"12":{"start":{"line":35,"column":2},"end":{"line":35,"column":null}},"13":{"start":{"line":38,"column":2},"end":{"line":38,"column":null}},"14":{"start":{"line":41,"column":2},"end":{"line":41,"column":null}},"15":{"start":{"line":44,"column":2},"end":{"line":44,"column":null}},"16":{"start":{"line":51,"column":2},"end":{"line":51,"column":null}},"17":{"start":{"line":59,"column":2},"end":{"line":59,"column":null}},"18":{"start":{"line":66,"column":2},"end":{"line":66,"column":null}},"19":{"start":{"line":69,"column":2},"end":{"line":69,"column":null}},"20":{"start":{"line":72,"column":2},"end":{"line":72,"column":null}},"21":{"start":{"line":75,"column":2},"end":{"line":75,"column":null}},"22":{"start":{"line":78,"column":2},"end":{"line":78,"column":null}},"23":{"start":{"line":81,"column":2},"end":{"line":81,"column":null}},"24":{"start":{"line":84,"column":2},"end":{"line":84,"column":null}},"25":{"start":{"line":87,"column":2},"end":{"line":87,"column":null}},"26":{"start":{"line":90,"column":2},"end":{"line":90,"column":null}},"27":{"start":{"line":93,"column":2},"end":{"line":93,"column":null}},"28":{"start":{"line":96,"column":2},"end":{"line":96,"column":null}},"29":{"start":{"line":99,"column":2},"end":{"line":99,"column":null}},"30":{"start":{"line":102,"column":2},"end":{"line":102,"column":null}},"31":{"start":{"line":14,"column":13},"end":{"line":103,"column":null}}},"fnMap":{"0":{"name":"(anonymous_2)","decl":{"start":{"line":18,"column":13},"end":{"line":18,"column":16}},"loc":{"start":{"line":18,"column":19},"end":{"line":18,"column":23}}}},"branchMap":{},"s":{"0":3,"1":3,"2":3,"3":3,"4":3,"5":3,"6":3,"7":0,"8":3,"9":3,"10":3,"11":3,"12":3,"13":3,"14":3,"15":3,"16":3,"17":3,"18":3,"19":3,"20":3,"21":3,"22":3,"23":3,"24":3,"25":3,"26":3,"27":3,"28":3,"29":3,"30":3,"31":3},"f":{"0":0},"b":{}}
,"/Users/rehman/Workspace/atbltd-health/apps/backend/src/entities/commission.entity.ts": {"path":"/Users/rehman/Workspace/atbltd-health/apps/backend/src/entities/commission.entity.ts","statementMap":{"0":{"start":{"line":1,"column":0},"end":{"line":1,"column":null}},"1":{"start":{"line":9,"column":0},"end":{"line":9,"column":37}},"2":{"start":{"line":10,"column":0},"end":{"line":10,"column":39}},"3":{"start":{"line":12,"column":0},"end":{"line":12,"column":null}},"4":{"start":{"line":13,"column":2},"end":{"line":13,"column":null}},"5":{"start":{"line":14,"column":2},"end":{"line":14,"column":null}},"6":{"start":{"line":15,"column":2},"end":{"line":15,"column":null}},"7":{"start":{"line":16,"column":2},"end":{"line":16,"column":null}},"8":{"start":{"line":19,"column":0},"end":{"line":19,"column":null}},"9":{"start":{"line":20,"column":2},"end":{"line":20,"column":null}},"10":{"start":{"line":21,"column":2},"end":{"line":21,"column":null}},"11":{"start":{"line":22,"column":2},"end":{"line":22,"column":null}},"12":{"start":{"line":26,"column":7},"end":{"line":111,"column":null}},"13":{"start":{"line":26,"column":13},"end":{"line":26,"column":23}},"14":{"start":{"line":28,"column":2},"end":{"line":28,"column":null}},"15":{"start":{"line":32,"column":2},"end":{"line":32,"column":null}},"16":{"start":{"line":30,"column":19},"end":{"line":30,"column":24}},"17":{"start":{"line":35,"column":2},"end":{"line":35,"column":null}},"18":{"start":{"line":38,"column":2},"end":{"line":38,"column":null}},"19":{"start":{"line":42,"column":2},"end":{"line":42,"column":null}},"20":{"start":{"line":40,"column":19},"end":{"line":40,"column":23}},"21":{"start":{"line":45,"column":2},"end":{"line":45,"column":null}},"22":{"start":{"line":48,"column":2},"end":{"line":48,"column":null}},"23":{"start":{"line":55,"column":2},"end":{"line":55,"column":null}},"24":{"start":{"line":62,"column":2},"end":{"line":62,"column":null}},"25":{"start":{"line":69,"column":2},"end":{"line":69,"column":null}},"26":{"start":{"line":76,"column":2},"end":{"line":76,"column":null}},"27":{"start":{"line":83,"column":2},"end":{"line":83,"column":null}},"28":{"start":{"line":86,"column":2},"end":{"line":86,"column":null}},"29":{"start":{"line":89,"column":2},"end":{"line":89,"column":null}},"30":{"start":{"line":92,"column":2},"end":{"line":92,"column":null}},"31":{"start":{"line":95,"column":2},"end":{"line":95,"column":null}},"32":{"start":{"line":98,"column":2},"end":{"line":98,"column":null}},"33":{"start":{"line":101,"column":2},"end":{"line":101,"column":null}},"34":{"start":{"line":104,"column":2},"end":{"line":104,"column":null}},"35":{"start":{"line":107,"column":2},"end":{"line":107,"column":null}},"36":{"start":{"line":110,"column":2},"end":{"line":110,"column":null}},"37":{"start":{"line":26,"column":13},"end":{"line":111,"column":null}}},"fnMap":{"0":{"name":"(anonymous_2)","decl":{"start":{"line":12,"column":0},"end":{"line":12,"column":12}},"loc":{"start":{"line":12,"column":28},"end":{"line":17,"column":1}}},"1":{"name":"(anonymous_3)","decl":{"start":{"line":19,"column":0},"end":{"line":19,"column":12}},"loc":{"start":{"line":19,"column":26},"end":{"line":23,"column":1}}},"2":{"name":"(anonymous_4)","decl":{"start":{"line":30,"column":13},"end":{"line":30,"column":16}},"loc":{"start":{"line":30,"column":19},"end":{"line":30,"column":24}}},"3":{"name":"(anonymous_5)","decl":{"start":{"line":40,"column":13},"end":{"line":40,"column":16}},"loc":{"start":{"line":40,"column":19},"end":{"line":40,"column":23}}}},"branchMap":{"0":{"loc":{"start":{"line":12,"column":12},"end":{"line":12,"column":null}},"type":"binary-expr","locations":[{"start":{"line":12,"column":12},"end":{"line":12,"column":28}},{"start":{"line":12,"column":28},"end":{"line":12,"column":null}}]},"1":{"loc":{"start":{"line":19,"column":12},"end":{"line":19,"column":null}},"type":"binary-expr","locations":[{"start":{"line":19,"column":12},"end":{"line":19,"column":26}},{"start":{"line":19,"column":26},"end":{"line":19,"column":null}}]}},"s":{"0":4,"1":4,"2":4,"3":4,"4":4,"5":4,"6":4,"7":4,"8":4,"9":4,"10":4,"11":4,"12":4,"13":4,"14":4,"15":4,"16":0,"17":4,"18":4,"19":4,"20":0,"21":4,"22":4,"23":4,"24":4,"25":4,"26":4,"27":4,"28":4,"29":4,"30":4,"31":4,"32":4,"33":4,"34":4,"35":4,"36":4,"37":4},"f":{"0":4,"1":4,"2":0,"3":0},"b":{"0":[4,4],"1":[4,4]}}
,"/Users/rehman/Workspace/atbltd-health/apps/backend/src/entities/hospital.entity.ts": {"path":"/Users/rehman/Workspace/atbltd-health/apps/backend/src/entities/hospital.entity.ts","statementMap":{"0":{"start":{"line":1,"column":0},"end":{"line":1,"column":null}},"1":{"start":{"line":10,"column":7},"end":{"line":49,"column":null}},"2":{"start":{"line":10,"column":13},"end":{"line":10,"column":21}},"3":{"start":{"line":12,"column":2},"end":{"line":12,"column":null}},"4":{"start":{"line":15,"column":2},"end":{"line":15,"column":null}},"5":{"start":{"line":18,"column":2},"end":{"line":18,"column":null}},"6":{"start":{"line":21,"column":2},"end":{"line":21,"column":null}},"7":{"start":{"line":24,"column":2},"end":{"line":24,"column":null}},"8":{"start":{"line":27,"column":2},"end":{"line":27,"column":null}},"9":{"start":{"line":30,"column":2},"end":{"line":30,"column":null}},"10":{"start":{"line":33,"column":2},"end":{"line":33,"column":null}},"11":{"start":{"line":36,"column":2},"end":{"line":36,"column":null}},"12":{"start":{"line":39,"column":2},"end":{"line":39,"column":null}},"13":{"start":{"line":42,"column":2},"end":{"line":42,"column":null}},"14":{"start":{"line":45,"column":2},"end":{"line":45,"column":null}},"15":{"start":{"line":48,"column":2},"end":{"line":48,"column":null}},"16":{"start":{"line":10,"column":13},"end":{"line":49,"column":null}}},"fnMap":{},"branchMap":{},"s":{"0":0,"1":0,"2":0,"3":0,"4":0,"5":0,"6":0,"7":0,"8":0,"9":0,"10":0,"11":0,"12":0,"13":0,"14":0,"15":0,"16":0},"f":{},"b":{}}
,"/Users/rehman/Workspace/atbltd-health/apps/backend/src/entities/membership.entity.ts": {"path":"/Users/rehman/Workspace/atbltd-health/apps/backend/src/entities/membership.entity.ts","statementMap":{"0":{"start":{"line":1,"column":0},"end":{"line":1,"column":null}},"1":{"start":{"line":10,"column":0},"end":{"line":10,"column":37}},"2":{"start":{"line":13,"column":7},"end":{"line":80,"column":null}},"3":{"start":{"line":13,"column":13},"end":{"line":13,"column":23}},"4":{"start":{"line":15,"column":2},"end":{"line":15,"column":null}},"5":{"start":{"line":19,"column":2},"end":{"line":19,"column":null}},"6":{"start":{"line":17,"column":18},"end":{"line":17,"column":22}},"7":{"start":{"line":17,"column":34},"end":{"line":17,"column":49}},"8":{"start":{"line":22,"column":2},"end":{"line":22,"column":null}},"9":{"start":{"line":30,"column":2},"end":{"line":30,"column":null}},"10":{"start":{"line":33,"column":2},"end":{"line":33,"column":null}},"11":{"start":{"line":36,"column":2},"end":{"line":36,"column":null}},"12":{"start":{"line":39,"column":2},"end":{"line":39,"column":null}},"13":{"start":{"line":42,"column":2},"end":{"line":42,"column":null}},"14":{"start":{"line":45,"column":2},"end":{"line":45,"column":null}},"15":{"start":{"line":48,"column":2},"end":{"line":48,"column":null}},"16":{"start":{"line":51,"column":2},"end":{"line":51,"column":null}},"17":{"start":{"line":54,"column":2},"end":{"line":54,"column":null}},"18":{"start":{"line":62,"column":2},"end":{"line":62,"column":null}},"19":{"start":{"line":65,"column":2},"end":{"line":65,"column":null}},"20":{"start":{"line":73,"column":2},"end":{"line":73,"column":null}},"21":{"start":{"line":76,"column":2},"end":{"line":76,"column":null}},"22":{"start":{"line":79,"column":2},"end":{"line":79,"column":null}},"23":{"start":{"line":13,"column":13},"end":{"line":80,"column":null}}},"fnMap":{"0":{"name":"(anonymous_2)","decl":{"start":{"line":17,"column":12},"end":{"line":17,"column":15}},"loc":{"start":{"line":17,"column":18},"end":{"line":17,"column":22}}},"1":{"name":"(anonymous_3)","decl":{"start":{"line":17,"column":24},"end":{"line":17,"column":25}},"loc":{"start":{"line":17,"column":34},"end":{"line":17,"column":49}}}},"branchMap":{},"s":{"0":6,"1":6,"2":6,"3":6,"4":6,"5":6,"6":0,"7":0,"8":6,"9":6,"10":6,"11":6,"12":6,"13":6,"14":6,"15":6,"16":6,"17":6,"18":6,"19":6,"20":6,"21":6,"22":6,"23":6},"f":{"0":0,"1":0},"b":{}}
,"/Users/rehman/Workspace/atbltd-health/apps/backend/src/entities/notification.entity.ts": {"path":"/Users/rehman/Workspace/atbltd-health/apps/backend/src/entities/notification.entity.ts","statementMap":{"0":{"start":{"line":1,"column":0},"end":{"line":1,"column":null}},"1":{"start":{"line":9,"column":0},"end":{"line":9,"column":37}},"2":{"start":{"line":11,"column":0},"end":{"line":11,"column":null}},"3":{"start":{"line":12,"column":2},"end":{"line":12,"column":null}},"4":{"start":{"line":13,"column":2},"end":{"line":13,"column":null}},"5":{"start":{"line":14,"column":2},"end":{"line":14,"column":null}},"6":{"start":{"line":15,"column":2},"end":{"line":15,"column":null}},"7":{"start":{"line":16,"column":2},"end":{"line":16,"column":null}},"8":{"start":{"line":17,"column":2},"end":{"line":17,"column":null}},"9":{"start":{"line":18,"column":2},"end":{"line":18,"column":null}},"10":{"start":{"line":19,"column":2},"end":{"line":19,"column":null}},"11":{"start":{"line":20,"column":2},"end":{"line":20,"column":null}},"12":{"start":{"line":21,"column":2},"end":{"line":21,"column":null}},"13":{"start":{"line":25,"column":7},"end":{"line":60,"column":null}},"14":{"start":{"line":25,"column":13},"end":{"line":25,"column":25}},"15":{"start":{"line":27,"column":2},"end":{"line":27,"column":null}},"16":{"start":{"line":31,"column":2},"end":{"line":31,"column":null}},"17":{"start":{"line":29,"column":19},"end":{"line":29,"column":23}},"18":{"start":{"line":34,"column":2},"end":{"line":34,"column":null}},"19":{"start":{"line":41,"column":2},"end":{"line":41,"column":null}},"20":{"start":{"line":44,"column":2},"end":{"line":44,"column":null}},"21":{"start":{"line":47,"column":2},"end":{"line":47,"column":null}},"22":{"start":{"line":50,"column":2},"end":{"line":50,"column":null}},"23":{"start":{"line":53,"column":2},"end":{"line":53,"column":null}},"24":{"start":{"line":56,"column":2},"end":{"line":56,"column":null}},"25":{"start":{"line":59,"column":2},"end":{"line":59,"column":null}},"26":{"start":{"line":25,"column":13},"end":{"line":60,"column":null}}},"fnMap":{"0":{"name":"(anonymous_2)","decl":{"start":{"line":11,"column":0},"end":{"line":11,"column":12}},"loc":{"start":{"line":11,"column":28},"end":{"line":22,"column":1}}},"1":{"name":"(anonymous_3)","decl":{"start":{"line":29,"column":13},"end":{"line":29,"column":16}},"loc":{"start":{"line":29,"column":19},"end":{"line":29,"column":23}}}},"branchMap":{"0":{"loc":{"start":{"line":11,"column":12},"end":{"line":11,"column":null}},"type":"binary-expr","locations":[{"start":{"line":11,"column":12},"end":{"line":11,"column":28}},{"start":{"line":11,"column":28},"end":{"line":11,"column":null}}]}},"s":{"0":6,"1":6,"2":6,"3":6,"4":6,"5":6,"6":6,"7":6,"8":6,"9":6,"10":6,"11":6,"12":6,"13":6,"14":6,"15":6,"16":6,"17":0,"18":6,"19":6,"20":6,"21":6,"22":6,"23":6,"24":6,"25":6,"26":6},"f":{"0":6,"1":0},"b":{"0":[6,6]}}
,"/Users/rehman/Workspace/atbltd-health/apps/backend/src/entities/payment.entity.ts": {"path":"/Users/rehman/Workspace/atbltd-health/apps/backend/src/entities/payment.entity.ts","statementMap":{"0":{"start":{"line":1,"column":0},"end":{"line":1,"column":null}},"1":{"start":{"line":9,"column":0},"end":{"line":9,"column":37}},"2":{"start":{"line":11,"column":0},"end":{"line":11,"column":null}},"3":{"start":{"line":12,"column":2},"end":{"line":12,"column":null}},"4":{"start":{"line":13,"column":2},"end":{"line":13,"column":null}},"5":{"start":{"line":14,"column":2},"end":{"line":14,"column":null}},"6":{"start":{"line":15,"column":2},"end":{"line":15,"column":null}},"7":{"start":{"line":18,"column":0},"end":{"line":18,"column":null}},"8":{"start":{"line":19,"column":2},"end":{"line":19,"column":null}},"9":{"start":{"line":20,"column":2},"end":{"line":20,"column":null}},"10":{"start":{"line":21,"column":2},"end":{"line":21,"column":null}},"11":{"start":{"line":22,"column":2},"end":{"line":22,"column":null}},"12":{"start":{"line":26,"column":7},"end":{"line":87,"column":null}},"13":{"start":{"line":26,"column":13},"end":{"line":26,"column":20}},"14":{"start":{"line":28,"column":2},"end":{"line":28,"column":null}},"15":{"start":{"line":32,"column":2},"end":{"line":32,"column":null}},"16":{"start":{"line":30,"column":19},"end":{"line":30,"column":23}},"17":{"start":{"line":35,"column":2},"end":{"line":35,"column":null}},"18":{"start":{"line":42,"column":2},"end":{"line":42,"column":null}},"19":{"start":{"line":49,"column":2},"end":{"line":49,"column":null}},"20":{"start":{"line":52,"column":2},"end":{"line":52,"column":null}},"21":{"start":{"line":55,"column":2},"end":{"line":55,"column":null}},"22":{"start":{"line":58,"column":2},"end":{"line":58,"column":null}},"23":{"start":{"line":61,"column":2},"end":{"line":61,"column":null}},"24":{"start":{"line":68,"column":2},"end":{"line":68,"column":null}},"25":{"start":{"line":71,"column":2},"end":{"line":71,"column":null}},"26":{"start":{"line":74,"column":2},"end":{"line":74,"column":null}},"27":{"start":{"line":77,"column":2},"end":{"line":77,"column":null}},"28":{"start":{"line":80,"column":2},"end":{"line":80,"column":null}},"29":{"start":{"line":83,"column":2},"end":{"line":83,"column":null}},"30":{"start":{"line":86,"column":2},"end":{"line":86,"column":null}},"31":{"start":{"line":26,"column":13},"end":{"line":87,"column":null}}},"fnMap":{"0":{"name":"(anonymous_2)","decl":{"start":{"line":11,"column":0},"end":{"line":11,"column":12}},"loc":{"start":{"line":11,"column":25},"end":{"line":16,"column":1}}},"1":{"name":"(anonymous_3)","decl":{"start":{"line":18,"column":0},"end":{"line":18,"column":12}},"loc":{"start":{"line":18,"column":23},"end":{"line":23,"column":1}}},"2":{"name":"(anonymous_4)","decl":{"start":{"line":30,"column":13},"end":{"line":30,"column":16}},"loc":{"start":{"line":30,"column":19},"end":{"line":30,"column":23}}}},"branchMap":{"0":{"loc":{"start":{"line":11,"column":12},"end":{"line":11,"column":null}},"type":"binary-expr","locations":[{"start":{"line":11,"column":12},"end":{"line":11,"column":25}},{"start":{"line":11,"column":25},"end":{"line":11,"column":null}}]},"1":{"loc":{"start":{"line":18,"column":12},"end":{"line":18,"column":null}},"type":"binary-expr","locations":[{"start":{"line":18,"column":12},"end":{"line":18,"column":23}},{"start":{"line":18,"column":23},"end":{"line":18,"column":null}}]}},"s":{"0":3,"1":3,"2":3,"3":3,"4":3,"5":3,"6":3,"7":3,"8":3,"9":3,"10":3,"11":3,"12":3,"13":3,"14":3,"15":3,"16":0,"17":3,"18":3,"19":3,"20":3,"21":3,"22":3,"23":3,"24":3,"25":3,"26":3,"27":3,"28":3,"29":3,"30":3,"31":3},"f":{"0":3,"1":3,"2":0},"b":{"0":[3,3],"1":[3,3]}}
,"/Users/rehman/Workspace/atbltd-health/apps/backend/src/entities/surgery.entity.ts": {"path":"/Users/rehman/Workspace/atbltd-health/apps/backend/src/entities/surgery.entity.ts","statementMap":{"0":{"start":{"line":1,"column":0},"end":{"line":1,"column":null}},"1":{"start":{"line":10,"column":7},"end":{"line":46,"column":null}},"2":{"start":{"line":10,"column":13},"end":{"line":10,"column":20}},"3":{"start":{"line":12,"column":2},"end":{"line":12,"column":null}},"4":{"start":{"line":15,"column":2},"end":{"line":15,"column":null}},"5":{"start":{"line":18,"column":2},"end":{"line":18,"column":null}},"6":{"start":{"line":21,"column":2},"end":{"line":21,"column":null}},"7":{"start":{"line":24,"column":2},"end":{"line":24,"column":null}},"8":{"start":{"line":27,"column":2},"end":{"line":27,"column":null}},"9":{"start":{"line":30,"column":2},"end":{"line":30,"column":null}},"10":{"start":{"line":33,"column":2},"end":{"line":33,"column":null}},"11":{"start":{"line":36,"column":2},"end":{"line":36,"column":null}},"12":{"start":{"line":39,"column":2},"end":{"line":39,"column":null}},"13":{"start":{"line":42,"column":2},"end":{"line":42,"column":null}},"14":{"start":{"line":45,"column":2},"end":{"line":45,"column":null}},"15":{"start":{"line":10,"column":13},"end":{"line":46,"column":null}}},"fnMap":{},"branchMap":{},"s":{"0":0,"1":0,"2":0,"3":0,"4":0,"5":0,"6":0,"7":0,"8":0,"9":0,"10":0,"11":0,"12":0,"13":0,"14":0,"15":0},"f":{},"b":{}}
,"/Users/rehman/Workspace/atbltd-health/apps/backend/src/entities/user.entity.ts": {"path":"/Users/rehman/Workspace/atbltd-health/apps/backend/src/entities/user.entity.ts","statementMap":{"0":{"start":{"line":1,"column":0},"end":{"line":1,"column":null}},"1":{"start":{"line":10,"column":0},"end":{"line":10,"column":58}},"2":{"start":{"line":11,"column":0},"end":{"line":11,"column":49}},"3":{"start":{"line":12,"column":0},"end":{"line":12,"column":46}},"4":{"start":{"line":15,"column":7},"end":{"line":98,"column":null}},"5":{"start":{"line":15,"column":13},"end":{"line":15,"column":17}},"6":{"start":{"line":17,"column":2},"end":{"line":17,"column":null}},"7":{"start":{"line":20,"column":2},"end":{"line":20,"column":null}},"8":{"start":{"line":23,"column":2},"end":{"line":23,"column":null}},"9":{"start":{"line":26,"column":2},"end":{"line":26,"column":null}},"10":{"start":{"line":29,"column":2},"end":{"line":29,"column":null}},"11":{"start":{"line":32,"column":2},"end":{"line":32,"column":null}},"12":{"start":{"line":35,"column":2},"end":{"line":35,"column":null}},"13":{"start":{"line":38,"column":2},"end":{"line":38,"column":null}},"14":{"start":{"line":41,"column":2},"end":{"line":41,"column":null}},"15":{"start":{"line":44,"column":2},"end":{"line":44,"column":null}},"16":{"start":{"line":47,"column":2},"end":{"line":47,"column":null}},"17":{"start":{"line":50,"column":2},"end":{"line":50,"column":null}},"18":{"start":{"line":53,"column":2},"end":{"line":53,"column":null}},"19":{"start":{"line":60,"column":2},"end":{"line":60,"column":null}},"20":{"start":{"line":63,"column":2},"end":{"line":63,"column":null}},"21":{"start":{"line":66,"column":2},"end":{"line":66,"column":null}},"22":{"start":{"line":69,"column":2},"end":{"line":69,"column":null}},"23":{"start":{"line":72,"column":2},"end":{"line":72,"column":null}},"24":{"start":{"line":75,"column":2},"end":{"line":75,"column":null}},"25":{"start":{"line":78,"column":2},"end":{"line":78,"column":null}},"26":{"start":{"line":81,"column":2},"end":{"line":81,"column":null}},"27":{"start":{"line":84,"column":2},"end":{"line":84,"column":null}},"28":{"start":{"line":87,"column":2},"end":{"line":87,"column":null}},"29":{"start":{"line":90,"column":2},"end":{"line":90,"column":null}},"30":{"start":{"line":94,"column":2},"end":{"line":94,"column":null}},"31":{"start":{"line":93,"column":18},"end":{"line":93,"column":28}},"32":{"start":{"line":93,"column":46},"end":{"line":93,"column":61}},"33":{"start":{"line":97,"column":2},"end":{"line":97,"column":null}},"34":{"start":{"line":96,"column":19},"end":{"line":96,"column":27}},"35":{"start":{"line":96,"column":43},"end":{"line":96,"column":63}},"36":{"start":{"line":15,"column":13},"end":{"line":98,"column":null}}},"fnMap":{"0":{"name":"(anonymous_2)","decl":{"start":{"line":93,"column":12},"end":{"line":93,"column":15}},"loc":{"start":{"line":93,"column":18},"end":{"line":93,"column":28}}},"1":{"name":"(anonymous_3)","decl":{"start":{"line":93,"column":30},"end":{"line":93,"column":31}},"loc":{"start":{"line":93,"column":46},"end":{"line":93,"column":61}}},"2":{"name":"(anonymous_4)","decl":{"start":{"line":96,"column":13},"end":{"line":96,"column":16}},"loc":{"start":{"line":96,"column":19},"end":{"line":96,"column":27}}},"3":{"name":"(anonymous_5)","decl":{"start":{"line":96,"column":29},"end":{"line":96,"column":30}},"loc":{"start":{"line":96,"column":43},"end":{"line":96,"column":63}}}},"branchMap":{},"s":{"0":6,"1":6,"2":6,"3":6,"4":6,"5":6,"6":6,"7":6,"8":6,"9":6,"10":6,"11":6,"12":6,"13":6,"14":6,"15":6,"16":6,"17":6,"18":6,"19":6,"20":6,"21":6,"22":6,"23":6,"24":6,"25":6,"26":6,"27":6,"28":6,"29":6,"30":6,"31":0,"32":0,"33":6,"34":0,"35":0,"36":6},"f":{"0":0,"1":0,"2":0,"3":0},"b":{}}
,"/Users/rehman/Workspace/atbltd-health/apps/backend/src/modules/admin/admin.controller.ts": {"path":"/Users/rehman/Workspace/atbltd-health/apps/backend/src/modules/admin/admin.controller.ts","statementMap":{"0":{"start":{"line":1,"column":0},"end":{"line":1,"column":null}},"1":{"start":{"line":12,"column":0},"end":{"line":12,"column":47}},"2":{"start":{"line":13,"column":0},"end":{"line":13,"column":66}},"3":{"start":{"line":14,"column":0},"end":{"line":14,"column":61}},"4":{"start":{"line":15,"column":0},"end":{"line":15,"column":64}},"5":{"start":{"line":16,"column":0},"end":{"line":16,"column":77}},"6":{"start":{"line":17,"column":0},"end":{"line":17,"column":61}},"7":{"start":{"line":18,"column":0},"end":{"line":18,"column":62}},"8":{"start":{"line":20,"column":0},"end":{"line":20,"column":47}},"9":{"start":{"line":25,"column":7},"end":{"line":116,"column":null}},"10":{"start":{"line":27,"column":21},"end":{"line":27,"column":35}},"11":{"start":{"line":28,"column":21},"end":{"line":28,"column":35}},"12":{"start":{"line":37,"column":4},"end":{"line":39,"column":5}},"13":{"start":{"line":38,"column":6},"end":{"line":38,"column":51}},"14":{"start":{"line":40,"column":4},"end":{"line":42,"column":5}},"15":{"start":{"line":41,"column":6},"end":{"line":41,"column":64}},"16":{"start":{"line":43,"column":4},"end":{"line":48,"column":6}},"17":{"start":{"line":62,"column":4},"end":{"line":62,"column":62}},"18":{"start":{"line":72,"column":4},"end":{"line":72,"column":59}},"19":{"start":{"line":82,"column":4},"end":{"line":82,"column":68}},"20":{"start":{"line":95,"column":4},"end":{"line":95,"column":55}},"21":{"start":{"line":105,"column":4},"end":{"line":105,"column":46}},"22":{"start":{"line":114,"column":4},"end":{"line":114,"column":47}},"23":{"start":{"line":25,"column":13},"end":{"line":25,"column":28}},"24":{"start":{"line":36,"column":8},"end":{"line":49,"column":null}},"25":{"start":{"line":57,"column":8},"end":{"line":63,"column":null}},"26":{"start":{"line":71,"column":8},"end":{"line":73,"column":null}},"27":{"start":{"line":81,"column":8},"end":{"line":83,"column":null}},"28":{"start":{"line":91,"column":8},"end":{"line":96,"column":null}},"29":{"start":{"line":103,"column":8},"end":{"line":106,"column":null}},"30":{"start":{"line":113,"column":8},"end":{"line":115,"column":null}},"31":{"start":{"line":25,"column":13},"end":{"line":116,"column":null}}},"fnMap":{"0":{"name":"(anonymous_4)","decl":{"start":{"line":26,"column":2},"end":{"line":26,"column":null}},"loc":{"start":{"line":28,"column":47},"end":{"line":29,"column":6}}},"1":{"name":"(anonymous_5)","decl":{"start":{"line":36,"column":2},"end":{"line":36,"column":7}},"loc":{"start":{"line":36,"column":52},"end":{"line":49,"column":3}}},"2":{"name":"(anonymous_6)","decl":{"start":{"line":57,"column":2},"end":{"line":57,"column":7}},"loc":{"start":{"line":60,"column":43},"end":{"line":63,"column":3}}},"3":{"name":"(anonymous_7)","decl":{"start":{"line":71,"column":2},"end":{"line":71,"column":7}},"loc":{"start":{"line":71,"column":58},"end":{"line":73,"column":3}}},"4":{"name":"(anonymous_8)","decl":{"start":{"line":81,"column":2},"end":{"line":81,"column":7}},"loc":{"start":{"line":81,"column":78},"end":{"line":83,"column":3}}},"5":{"name":"(anonymous_9)","decl":{"start":{"line":91,"column":2},"end":{"line":91,"column":7}},"loc":{"start":{"line":93,"column":73},"end":{"line":96,"column":3}}},"6":{"name":"(anonymous_10)","decl":{"start":{"line":103,"column":2},"end":{"line":103,"column":7}},"loc":{"start":{"line":103,"column":54},"end":{"line":106,"column":3}}},"7":{"name":"(anonymous_11)","decl":{"start":{"line":113,"column":2},"end":{"line":113,"column":7}},"loc":{"start":{"line":113,"column":54},"end":{"line":115,"column":3}}}},"branchMap":{"0":{"loc":{"start":{"line":37,"column":4},"end":{"line":39,"column":5}},"type":"if","locations":[{"start":{"line":37,"column":4},"end":{"line":39,"column":5}}]},"1":{"loc":{"start":{"line":37,"column":8},"end":{"line":37,"column":74}},"type":"binary-expr","locations":[{"start":{"line":37,"column":8},"end":{"line":37,"column":42}},{"start":{"line":37,"column":46},"end":{"line":37,"column":74}}]},"2":{"loc":{"start":{"line":40,"column":4},"end":{"line":42,"column":5}},"type":"if","locations":[{"start":{"line":40,"column":4},"end":{"line":42,"column":5}}]},"3":{"loc":{"start":{"line":40,"column":8},"end":{"line":40,"column":68}},"type":"binary-expr","locations":[{"start":{"line":40,"column":8},"end":{"line":40,"column":36}},{"start":{"line":40,"column":40},"end":{"line":40,"column":68}}]}},"s":{"0":0,"1":0,"2":0,"3":0,"4":0,"5":0,"6":0,"7":0,"8":0,"9":0,"10":0,"11":0,"12":0,"13":0,"14":0,"15":0,"16":0,"17":0,"18":0,"19":0,"20":0,"21":0,"22":0,"23":0,"24":0,"25":0,"26":0,"27":0,"28":0,"29":0,"30":0,"31":0},"f":{"0":0,"1":0,"2":0,"3":0,"4":0,"5":0,"6":0,"7":0},"b":{"0":[0],"1":[0,0],"2":[0],"3":[0,0]}}
,"/Users/rehman/Workspace/atbltd-health/apps/backend/src/modules/admin/admin.module.ts": {"path":"/Users/rehman/Workspace/atbltd-health/apps/backend/src/modules/admin/admin.module.ts","statementMap":{"0":{"start":{"line":1,"column":0},"end":{"line":1,"column":40}},"1":{"start":{"line":2,"column":0},"end":{"line":2,"column":48}},"2":{"start":{"line":3,"column":0},"end":{"line":3,"column":47}},"3":{"start":{"line":4,"column":0},"end":{"line":4,"column":53}},"4":{"start":{"line":5,"column":0},"end":{"line":5,"column":50}},"5":{"start":{"line":6,"column":0},"end":{"line":6,"column":62}},"6":{"start":{"line":7,"column":0},"end":{"line":7,"column":56}},"7":{"start":{"line":8,"column":0},"end":{"line":8,"column":52}},"8":{"start":{"line":9,"column":0},"end":{"line":9,"column":52}},"9":{"start":{"line":10,"column":0},"end":{"line":10,"column":59}},"10":{"start":{"line":11,"column":0},"end":{"line":11,"column":67}},"11":{"start":{"line":12,"column":0},"end":{"line":12,"column":47}},"12":{"start":{"line":13,"column":0},"end":{"line":13,"column":46}},"13":{"start":{"line":14,"column":0},"end":{"line":14,"column":73}},"14":{"start":{"line":33,"column":7},"end":{"line":33,"column":null}},"15":{"start":{"line":33,"column":13},"end":{"line":33,"column":24}},"16":{"start":{"line":33,"column":13},"end":{"line":33,"column":null}}},"fnMap":{},"branchMap":{},"s":{"0":0,"1":0,"2":0,"3":0,"4":0,"5":0,"6":0,"7":0,"8":0,"9":0,"10":0,"11":0,"12":0,"13":0,"14":0,"15":0,"16":0},"f":{},"b":{}}
,"/Users/rehman/Workspace/atbltd-health/apps/backend/src/modules/admin/admin.service.ts": {"path":"/Users/rehman/Workspace/atbltd-health/apps/backend/src/modules/admin/admin.service.ts","statementMap":{"0":{"start":{"line":1,"column":0},"end":{"line":1,"column":null}},"1":{"start":{"line":8,"column":0},"end":{"line":8,"column":51}},"2":{"start":{"line":9,"column":0},"end":{"line":9,"column":37}},"3":{"start":{"line":10,"column":0},"end":{"line":10,"column":50}},"4":{"start":{"line":11,"column":0},"end":{"line":11,"column":62}},"5":{"start":{"line":12,"column":0},"end":{"line":12,"column":71}},"6":{"start":{"line":13,"column":0},"end":{"line":13,"column":52}},"7":{"start":{"line":14,"column":0},"end":{"line":14,"column":67}},"8":{"start":{"line":15,"column":0},"end":{"line":15,"column":52}},"9":{"start":{"line":16,"column":0},"end":{"line":16,"column":59}},"10":{"start":{"line":17,"column":0},"end":{"line":17,"column":61}},"11":{"start":{"line":18,"column":0},"end":{"line":18,"column":69}},"12":{"start":{"line":19,"column":0},"end":{"line":19,"column":48}},"13":{"start":{"line":20,"column":0},"end":{"line":20,"column":75}},"14":{"start":{"line":21,"column":0},"end":{"line":21,"column":70}},"15":{"start":{"line":23,"column":25},"end":{"line":430,"column":null}},"16":{"start":{"line":27,"column":21},"end":{"line":27,"column":37}},"17":{"start":{"line":29,"column":21},"end":{"line":29,"column":43}},"18":{"start":{"line":31,"column":21},"end":{"line":31,"column":40}},"19":{"start":{"line":33,"column":21},"end":{"line":33,"column":38}},"20":{"start":{"line":35,"column":21},"end":{"line":35,"column":38}},"21":{"start":{"line":37,"column":21},"end":{"line":37,"column":41}},"22":{"start":{"line":38,"column":21},"end":{"line":38,"column":40}},"23":{"start":{"line":39,"column":21},"end":{"line":39,"column":33}},"24":{"start":{"line":40,"column":21},"end":{"line":40,"column":42}},"25":{"start":{"line":24,"column":19},"end":{"line":24,"column":58}},"26":{"start":{"line":67,"column":25},"end":{"line":69,"column":6}},"27":{"start":{"line":70,"column":26},"end":{"line":72,"column":6}},"28":{"start":{"line":74,"column":28},"end":{"line":74,"column":38}},"29":{"start":{"line":75,"column":4},"end":{"line":75,"column":31}},"30":{"start":{"line":76,"column":4},"end":{"line":76,"column":41}},"31":{"start":{"line":78,"column":25},"end":{"line":83,"column":6}},"32":{"start":{"line":86,"column":28},"end":{"line":91,"column":18}},"33":{"start":{"line":93,"column":32},"end":{"line":95,"column":6}},"34":{"start":{"line":97,"column":18},"end":{"line":97,"column":28}},"35":{"start":{"line":98,"column":4},"end":{"line":98,"column":31}},"36":{"start":{"line":99,"column":26},"end":{"line":104,"column":6}},"37":{"start":{"line":107,"column":28},"end":{"line":107,"column":62}},"38":{"start":{"line":108,"column":26},"end":{"line":110,"column":6}},"39":{"start":{"line":111,"column":27},"end":{"line":113,"column":6}},"40":{"start":{"line":114,"column":27},"end":{"line":116,"column":6}},"41":{"start":{"line":119,"column":24},"end":{"line":119,"column":58}},"42":{"start":{"line":120,"column":25},"end":{"line":122,"column":6}},"43":{"start":{"line":124,"column":4},"end":{"line":146,"column":6}},"44":{"start":{"line":162,"column":20},"end":{"line":162,"column":37}},"45":{"start":{"line":163,"column":21},"end":{"line":163,"column":40}},"46":{"start":{"line":164,"column":23},"end":{"line":164,"column":25}},"47":{"start":{"line":165,"column":4},"end":{"line":165,"column":38}},"48":{"start":{"line":165,"column":16},"end":{"line":165,"column":38}},"49":{"start":{"line":167,"column":30},"end":{"line":173,"column":6}},"50":{"start":{"line":175,"column":4},"end":{"line":180,"column":6}},"51":{"start":{"line":195,"column":20},"end":{"line":198,"column":6}},"52":{"start":{"line":200,"column":4},"end":{"line":202,"column":5}},"53":{"start":{"line":201,"column":6},"end":{"line":201,"column":55}},"54":{"start":{"line":204,"column":4},"end":{"line":206,"column":5}},"55":{"start":{"line":205,"column":6},"end":{"line":205,"column":76}},"56":{"start":{"line":208,"column":4},"end":{"line":242,"column":5}},"57":{"start":{"line":210,"column":6},"end":{"line":210,"column":46}},"58":{"start":{"line":211,"column":6},"end":{"line":211,"column":39}},"59":{"start":{"line":212,"column":6},"end":{"line":212,"column":38}},"60":{"start":{"line":213,"column":6},"end":{"line":213,"column":49}},"61":{"start":{"line":215,"column":6},"end":{"line":215,"column":58}},"62":{"start":{"line":217,"column":6},"end":{"line":220,"column":8}},"63":{"start":{"line":223,"column":6},"end":{"line":223,"column":39}},"64":{"start":{"line":224,"column":6},"end":{"line":224,"column":38}},"65":{"start":{"line":225,"column":6},"end":{"line":225,"column":79}},"66":{"start":{"line":226,"column":6},"end":{"line":226,"column":49}},"67":{"start":{"line":229,"column":6},"end":{"line":235,"column":8}},"68":{"start":{"line":237,"column":6},"end":{"line":241,"column":8}},"69":{"start":{"line":247,"column":23},"end":{"line":249,"column":6}},"70":{"start":{"line":251,"column":4},"end":{"line":260,"column":5}},"71":{"start":{"line":252,"column":20},"end":{"line":252,"column":30}},"72":{"start":{"line":253,"column":6},"end":{"line":253,"column":42}},"73":{"start":{"line":254,"column":6},"end":{"line":254,"column":33}},"74":{"start":{"line":255,"column":6},"end":{"line":255,"column":45}},"75":{"start":{"line":256,"column":22},"end":{"line":256,"column":37}},"76":{"start":{"line":257,"column":6},"end":{"line":257,"column":53}},"77":{"start":{"line":258,"column":6},"end":{"line":258,"column":45}},"78":{"start":{"line":259,"column":6},"end":{"line":259,"column":55}},"79":{"start":{"line":263,"column":4},"end":{"line":266,"column":5}},"80":{"start":{"line":264,"column":6},"end":{"line":264,"column":35}},"81":{"start":{"line":265,"column":6},"end":{"line":265,"column":51}},"82":{"start":{"line":269,"column":4},"end":{"line":275,"column":6}},"83":{"start":{"line":278,"column":4},"end":{"line":284,"column":6}},"84":{"start":{"line":287,"column":4},"end":{"line":296,"column":5}},"85":{"start":{"line":288,"column":6},"end":{"line":295,"column":7}},"86":{"start":{"line":289,"column":8},"end":{"line":292,"column":11}},"87":{"start":{"line":294,"column":8},"end":{"line":294,"column":64}},"88":{"start":{"line":299,"column":4},"end":{"line":308,"column":5}},"89":{"start":{"line":300,"column":6},"end":{"line":307,"column":7}},"90":{"start":{"line":301,"column":8},"end":{"line":304,"column":10}},"91":{"start":{"line":306,"column":8},"end":{"line":306,"column":73}},"92":{"start":{"line":311,"column":4},"end":{"line":321,"column":7}},"93":{"start":{"line":336,"column":20},"end":{"line":336,"column":37}},"94":{"start":{"line":337,"column":21},"end":{"line":337,"column":40}},"95":{"start":{"line":338,"column":26},"end":{"line":343,"column":6}},"96":{"start":{"line":345,"column":4},"end":{"line":350,"column":6}},"97":{"start":{"line":362,"column":4},"end":{"line":379,"column":5}},"98":{"start":{"line":364,"column":6},"end":{"line":371,"column":9}},"99":{"start":{"line":374,"column":6},"end":{"line":378,"column":9}},"100":{"start":{"line":387,"column":18},"end":{"line":389,"column":6}},"101":{"start":{"line":391,"column":4},"end":{"line":396,"column":5}},"102":{"start":{"line":392,"column":6},"end":{"line":395,"column":8}},"103":{"start":{"line":399,"column":25},"end":{"line":401,"column":6}},"104":{"start":{"line":403,"column":26},"end":{"line":409,"column":6}},"105":{"start":{"line":412,"column":22},"end":{"line":414,"column":6}},"106":{"start":{"line":416,"column":4},"end":{"line":428,"column":6}},"107":{"start":{"line":23,"column":13},"end":{"line":23,"column":25}},"108":{"start":{"line":23,"column":13},"end":{"line":430,"column":null}}},"fnMap":{"0":{"name":"(anonymous_4)","decl":{"start":{"line":25,"column":2},"end":{"line":25,"column":null}},"loc":{"start":{"line":40,"column":61},"end":{"line":41,"column":6}}},"1":{"name":"(anonymous_5)","decl":{"start":{"line":46,"column":2},"end":{"line":46,"column":7}},"loc":{"start":{"line":46,"column":25},"end":{"line":147,"column":3}}},"2":{"name":"(anonymous_6)","decl":{"start":{"line":152,"column":2},"end":{"line":152,"column":7}},"loc":{"start":{"line":155,"column":22},"end":{"line":181,"column":3}}},"3":{"name":"(anonymous_7)","decl":{"start":{"line":186,"column":2},"end":{"line":186,"column":7}},"loc":{"start":{"line":189,"column":21},"end":{"line":243,"column":3}}},"4":{"name":"(anonymous_8)","decl":{"start":{"line":245,"column":10},"end":{"line":245,"column":15}},"loc":{"start":{"line":245,"column":72},"end":{"line":322,"column":3}}},"5":{"name":"(anonymous_9)","decl":{"start":{"line":327,"column":2},"end":{"line":327,"column":7}},"loc":{"start":{"line":329,"column":22},"end":{"line":351,"column":3}}},"6":{"name":"(anonymous_10)","decl":{"start":{"line":361,"column":2},"end":{"line":361,"column":7}},"loc":{"start":{"line":361,"column":44},"end":{"line":380,"column":3}}},"7":{"name":"(anonymous_11)","decl":{"start":{"line":385,"column":2},"end":{"line":385,"column":7}},"loc":{"start":{"line":385,"column":45},"end":{"line":429,"column":3}}}},"branchMap":{"0":{"loc":{"start":{"line":132,"column":25},"end":{"line":132,"column":60}},"type":"binary-expr","locations":[{"start":{"line":132,"column":25},"end":{"line":132,"column":55}},{"start":{"line":132,"column":59},"end":{"line":132,"column":60}}]},"1":{"loc":{"start":{"line":132,"column":32},"end":{"line":132,"column":54}},"type":"cond-expr","locations":[{"start":{"line":132,"column":47},"end":{"line":132,"column":49}},{"start":{"line":132,"column":32},"end":{"line":132,"column":54}}]},"2":{"loc":{"start":{"line":132,"column":32},"end":{"line":132,"column":49}},"type":"binary-expr","locations":[{"start":{"line":132,"column":32},"end":{"line":132,"column":49}},{"start":{"line":132,"column":32},"end":{"line":132,"column":49}}]},"3":{"loc":{"start":{"line":154,"column":4},"end":{"line":154,"column":20}},"type":"default-arg","locations":[{"start":{"line":154,"column":19},"end":{"line":154,"column":20}}]},"4":{"loc":{"start":{"line":155,"column":4},"end":{"line":155,"column":22}},"type":"default-arg","locations":[{"start":{"line":155,"column":20},"end":{"line":155,"column":22}}]},"5":{"loc":{"start":{"line":162,"column":20},"end":{"line":162,"column":37}},"type":"binary-expr","locations":[{"start":{"line":162,"column":20},"end":{"line":162,"column":32}},{"start":{"line":162,"column":36},"end":{"line":162,"column":37}}]},"6":{"loc":{"start":{"line":163,"column":21},"end":{"line":163,"column":40}},"type":"binary-expr","locations":[{"start":{"line":163,"column":21},"end":{"line":163,"column":34}},{"start":{"line":163,"column":38},"end":{"line":163,"column":40}}]},"7":{"loc":{"start":{"line":165,"column":4},"end":{"line":165,"column":38}},"type":"if","locations":[{"start":{"line":165,"column":4},"end":{"line":165,"column":38}}]},"8":{"loc":{"start":{"line":200,"column":4},"end":{"line":202,"column":5}},"type":"if","locations":[{"start":{"line":200,"column":4},"end":{"line":202,"column":5}}]},"9":{"loc":{"start":{"line":204,"column":4},"end":{"line":206,"column":5}},"type":"if","locations":[{"start":{"line":204,"column":4},"end":{"line":206,"column":5}}]},"10":{"loc":{"start":{"line":208,"column":4},"end":{"line":242,"column":5}},"type":"if","locations":[{"start":{"line":208,"column":4},"end":{"line":242,"column":5}},{"start":{"line":221,"column":11},"end":{"line":242,"column":5}}]},"11":{"loc":{"start":{"line":251,"column":4},"end":{"line":260,"column":5}},"type":"if","locations":[{"start":{"line":251,"column":4},"end":{"line":260,"column":5}}]},"12":{"loc":{"start":{"line":263,"column":4},"end":{"line":266,"column":5}},"type":"if","locations":[{"start":{"line":263,"column":4},"end":{"line":266,"column":5}}]},"13":{"loc":{"start":{"line":287,"column":4},"end":{"line":296,"column":5}},"type":"if","locations":[{"start":{"line":287,"column":4},"end":{"line":296,"column":5}}]},"14":{"loc":{"start":{"line":287,"column":8},"end":{"line":287,"column":34}},"type":"cond-expr","locations":[{"start":{"line":287,"column":20},"end":{"line":287,"column":22}},{"start":{"line":287,"column":20},"end":{"line":287,"column":34}}]},"15":{"loc":{"start":{"line":287,"column":8},"end":{"line":287,"column":22}},"type":"binary-expr","locations":[{"start":{"line":287,"column":8},"end":{"line":287,"column":22}},{"start":{"line":287,"column":20},"end":{"line":287,"column":22}}]},"16":{"loc":{"start":{"line":299,"column":4},"end":{"line":308,"column":5}},"type":"if","locations":[{"start":{"line":299,"column":4},"end":{"line":308,"column":5}}]},"17":{"loc":{"start":{"line":299,"column":8},"end":{"line":299,"column":32}},"type":"cond-expr","locations":[{"start":{"line":299,"column":20},"end":{"line":299,"column":22}},{"start":{"line":299,"column":20},"end":{"line":299,"column":32}}]},"18":{"loc":{"start":{"line":299,"column":8},"end":{"line":299,"column":22}},"type":"binary-expr","locations":[{"start":{"line":299,"column":8},"end":{"line":299,"column":22}},{"start":{"line":299,"column":20},"end":{"line":299,"column":22}}]},"19":{"loc":{"start":{"line":319,"column":18},"end":{"line":319,"column":40}},"type":"cond-expr","locations":[{"start":{"line":319,"column":30},"end":{"line":319,"column":32}},{"start":{"line":319,"column":30},"end":{"line":319,"column":40}}]},"20":{"loc":{"start":{"line":319,"column":18},"end":{"line":319,"column":32}},"type":"binary-expr","locations":[{"start":{"line":319,"column":18},"end":{"line":319,"column":32}},{"start":{"line":319,"column":30},"end":{"line":319,"column":32}}]},"21":{"loc":{"start":{"line":328,"column":4},"end":{"line":328,"column":20}},"type":"default-arg","locations":[{"start":{"line":328,"column":19},"end":{"line":328,"column":20}}]},"22":{"loc":{"start":{"line":329,"column":4},"end":{"line":329,"column":22}},"type":"default-arg","locations":[{"start":{"line":329,"column":20},"end":{"line":329,"column":22}}]},"23":{"loc":{"start":{"line":336,"column":20},"end":{"line":336,"column":37}},"type":"binary-expr","locations":[{"start":{"line":336,"column":20},"end":{"line":336,"column":32}},{"start":{"line":336,"column":36},"end":{"line":336,"column":37}}]},"24":{"loc":{"start":{"line":337,"column":21},"end":{"line":337,"column":40}},"type":"binary-expr","locations":[{"start":{"line":337,"column":21},"end":{"line":337,"column":34}},{"start":{"line":337,"column":38},"end":{"line":337,"column":40}}]},"25":{"loc":{"start":{"line":362,"column":4},"end":{"line":379,"column":5}},"type":"if","locations":[{"start":{"line":362,"column":4},"end":{"line":379,"column":5}},{"start":{"line":372,"column":11},"end":{"line":379,"column":5}}]}
[...]
start":{"line":95,"column":66},"end":{"line":118,"column":3}}},"6":{"name":"(anonymous_10)","decl":{"start":{"line":110,"column":18},"end":{"line":110,"column":19}},"loc":{"start":{"line":110,"column":25},"end":{"line":110,"column":42}}},"7":{"name":"(anonymous_11)","decl":{"start":{"line":123,"column":2},"end":{"line":123,"column":7}},"loc":{"start":{"line":127,"column":29},"end":{"line":153,"column":3}}},"8":{"name":"(anonymous_12)","decl":{"start":{"line":158,"column":2},"end":{"line":158,"column":7}},"loc":{"start":{"line":158,"column":29},"end":{"line":169,"column":3}}},"9":{"name":"(anonymous_13)","decl":{"start":{"line":174,"column":2},"end":{"line":174,"column":7}},"loc":{"start":{"line":174,"column":16},"end":{"line":224,"column":3}}},"10":{"name":"(anonymous_14)","decl":{"start":{"line":229,"column":2},"end":{"line":229,"column":7}},"loc":{"start":{"line":229,"column":28},"end":{"line":241,"column":3}}},"11":{"name":"(anonymous_15)","decl":{"start":{"line":239,"column":18},"end":{"line":239,"column":19}},"loc":{"start":{"line":239,"column":28},"end":{"line":239,"column":48}}}},"branchMap":{"0":{"loc":{"start":{"line":30,"column":4},"end":{"line":32,"column":5}},"type":"if","locations":[{"start":{"line":30,"column":4},"end":{"line":32,"column":5}}]},"1":{"loc":{"start":{"line":48,"column":4},"end":{"line":50,"column":5}},"type":"if","locations":[{"start":{"line":48,"column":4},"end":{"line":50,"column":5}}]},"2":{"loc":{"start":{"line":60,"column":4},"end":{"line":60,"column":20}},"type":"default-arg","locations":[{"start":{"line":60,"column":19},"end":{"line":60,"column":20}}]},"3":{"loc":{"start":{"line":61,"column":4},"end":{"line":61,"column":22}},"type":"default-arg","locations":[{"start":{"line":61,"column":20},"end":{"line":61,"column":22}}]},"4":{"loc":{"start":{"line":69,"column":20},"end":{"line":69,"column":37}},"type":"binary-expr","locations":[{"start":{"line":69,"column":20},"end":{"line":69,"column":32}},{"start":{"line":69,"column":36},"end":{"line":69,"column":37}}]},"5":{"loc":{"start":{"line":70,"column":21},"end":{"line":70,"column":40}},"type":"binary-expr","locations":[{"start":{"line":70,"column":21},"end":{"line":70,"column":34}},{"start":{"line":70,"column":38},"end":{"line":70,"column":40}}]},"6":{"loc":{"start":{"line":74,"column":4},"end":{"line":76,"column":5}},"type":"if","locations":[{"start":{"line":74,"column":4},"end":{"line":76,"column":5}}]},"7":{"loc":{"start":{"line":91,"column":18},"end":{"line":91,"column":50}},"type":"binary-expr","locations":[{"start":{"line":91,"column":18},"end":{"line":91,"column":45}},{"start":{"line":91,"column":49},"end":{"line":91,"column":50}}]},"8":{"loc":{"start":{"line":101,"column":4},"end":{"line":101,"column":68}},"type":"if","locations":[{"start":{"line":101,"column":4},"end":{"line":101,"column":68}}]},"9":{"loc":{"start":{"line":116,"column":18},"end":{"line":116,"column":55}},"type":"binary-expr","locations":[{"start":{"line":116,"column":18},"end":{"line":116,"column":50}},{"start":{"line":116,"column":54},"end":{"line":116,"column":55}}]},"10":{"loc":{"start":{"line":131,"column":4},"end":{"line":133,"column":5}},"type":"if","locations":[{"start":{"line":131,"column":4},"end":{"line":133,"column":5}}]},"11":{"loc":{"start":{"line":136,"column":4},"end":{"line":138,"column":5}},"type":"if","locations":[{"start":{"line":136,"column":4},"end":{"line":138,"column":5}}]},"12":{"loc":{"start":{"line":136,"column":8},"end":{"line":136,"column":67}},"type":"binary-expr","locations":[{"start":{"line":136,"column":8},"end":{"line":136,"column":43}},{"start":{"line":136,"column":47},"end":{"line":136,"column":67}}]},"13":{"loc":{"start":{"line":141,"column":4},"end":{"line":143,"column":5}},"type":"if","locations":[{"start":{"line":141,"column":4},"end":{"line":143,"column":5}}]},"14":{"loc":{"start":{"line":141,"column":8},"end":{"line":141,"column":61}},"type":"binary-expr","locations":[{"start":{"line":141,"column":8},"end":{"line":141,"column":23}},{"start":{"line":141,"column":27},"end":{"line":141,"column":61}}]},"15":{"loc":{"start":{"line":161,"column":4},"end":{"line":163,"column":5}},"type":"if","locations":[{"start":{"line":161,"column":4},"end":{"line":163,"column":5}}]}},"s":{"0":0,"1":0,"2":0,"3":0,"4":0,"5":0,"6":0,"7":0,"8":0,"9":0,"10":0,"11":0,"12":0,"13":0,"14":0,"15":0,"16":0,"17":0,"18":0,"19":0,"20":0,"21":0,"22":0,"23":0,"24":0,"25":0,"26":0,"27":0,"28":0,"29":0,"30":0,"31":0,"32":0,"33":0,"34":0,"35":0,"36":0,"37":0,"38":0,"39":0,"40":0,"41":0,"42":0,"43":0,"44":0,"45":0,"46":0,"47":0,"48":0,"49":0,"50":0,"51":0,"52":0,"53":0,"54":0,"55":0,"56":0,"57":0,"58":0,"59":0,"60":0,"61":0,"62":0,"63":0,"64":0,"65":0,"66":0,"67":0,"68":0,"69":0,"70":0,"71":0},"f":{"0":0,"1":0,"2":0,"3":0,"4":0,"5":0,"6":0,"7":0,"8":0,"9":0,"10":0,"11":0},"b":{"0":[0],"1":[0],"2":[0],"3":[0],"4":[0,0],"5":[0,0],"6":[0],"7":[0,0],"8":[0],"9":[0,0],"10":[0],"11":[0],"12":[0,0],"13":[0],"14":[0,0],"15":[0]}}
,"/Users/rehman/Workspace/atbltd-health/apps/backend/src/scripts/seed-reference.ts": {"path":"/Users/rehman/Workspace/atbltd-health/apps/backend/src/scripts/seed-reference.ts","statementMap":{"0":{"start":{"line":1,"column":0},"end":{"line":1,"column":40}},"1":{"start":{"line":2,"column":0},"end":{"line":2,"column":43}},"2":{"start":{"line":3,"column":0},"end":{"line":3,"column":42}},"3":{"start":{"line":4,"column":0},"end":{"line":4,"column":37}},"4":{"start":{"line":5,"column":0},"end":{"line":5,"column":53}},"5":{"start":{"line":6,"column":0},"end":{"line":6,"column":55}},"6":{"start":{"line":7,"column":15},"end":{"line":7,"column":39}},"7":{"start":{"line":9,"column":2},"end":{"line":9,"column":69}},"8":{"start":{"line":11,"column":14},"end":{"line":11,"column":67}},"9":{"start":{"line":12,"column":21},"end":{"line":12,"column":40}},"10":{"start":{"line":14,"column":22},"end":{"line":14,"column":52}},"11":{"start":{"line":15,"column":2},"end":{"line":15,"column":30}},"12":{"start":{"line":16,"column":2},"end":{"line":16,"column":39}},"13":{"start":{"line":18,"column":2},"end":{"line":332,"column":3}},"14":{"start":{"line":20,"column":25},"end":{"line":20,"column":65}},"15":{"start":{"line":21,"column":26},"end":{"line":21,"column":67}},"16":{"start":{"line":23,"column":4},"end":{"line":29,"column":5}},"17":{"start":{"line":24,"column":6},"end":{"line":24,"column":95}},"18":{"start":{"line":25,"column":6},"end":{"line":25,"column":65}},"19":{"start":{"line":26,"column":6},"end":{"line":26,"column":99}},"20":{"start":{"line":27,"column":6},"end":{"line":27,"column":24}},"21":{"start":{"line":28,"column":6},"end":{"line":28,"column":13}},"22":{"start":{"line":32,"column":22},"end":{"line":196,"column":6}},"23":{"start":{"line":198,"column":4},"end":{"line":212,"column":5}},"24":{"start":{"line":198,"column":17},"end":{"line":198,"column":18}},"25":{"start":{"line":199,"column":16},"end":{"line":199,"column":28}},"26":{"start":{"line":200,"column":6},"end":{"line":211,"column":8}},"27":{"start":{"line":213,"column":4},"end":{"line":213,"column":57}},"28":{"start":{"line":216,"column":22},"end":{"line":307,"column":6}},"29":{"start":{"line":309,"column":4},"end":{"line":319,"column":5}},"30":{"start":{"line":310,"column":6},"end":{"line":318,"column":8}},"31":{"start":{"line":320,"column":4},"end":{"line":320,"column":57}},"32":{"start":{"line":322,"column":4},"end":{"line":322,"column":42}},"33":{"start":{"line":323,"column":4},"end":{"line":323,"column":55}},"34":{"start":{"line":325,"column":4},"end":{"line":325,"column":44}},"35":{"start":{"line":326,"column":16},"end":{"line":326,"column":72}},"36":{"start":{"line":327,"column":4},"end":{"line":327,"column":40}},"37":{"start":{"line":328,"column":4},"end":{"line":328,"column":16}},"38":{"start":{"line":330,"column":4},"end":{"line":330,"column":32}},"39":{"start":{"line":331,"column":4},"end":{"line":331,"column":22}},"40":{"start":{"line":335,"column":0},"end":{"line":341,"column":5}},"41":{"start":{"line":336,"column":14},"end":{"line":336,"column":29}},"42":{"start":{"line":338,"column":16},"end":{"line":338,"column":72}},"43":{"start":{"line":339,"column":4},"end":{"line":339,"column":22}},"44":{"start":{"line":340,"column":4},"end":{"line":340,"column":20}}},"fnMap":{"0":{"name":"bootstrap","decl":{"start":{"line":8,"column":15},"end":{"line":8,"column":24}},"loc":{"start":{"line":8,"column":24},"end":{"line":333,"column":1}}},"1":{"name":"(anonymous_1)","decl":{"start":{"line":336,"column":8},"end":{"line":336,"column":11}},"loc":{"start":{"line":336,"column":14},"end":{"line":336,"column":29}}},"2":{"name":"(anonymous_2)","decl":{"start":{"line":337,"column":9},"end":{"line":337,"column":10}},"loc":{"start":{"line":337,"column":28},"end":{"line":341,"column":3}}}},"branchMap":{"0":{"loc":{"start":{"line":23,"column":4},"end":{"line":29,"column":5}},"type":"if","locations":[{"start":{"line":23,"column":4},"end":{"line":29,"column":5}}]},"1":{"loc":{"start":{"line":23,"column":8},"end":{"line":23,"column":45}},"type":"binary-expr","locations":[{"start":{"line":23,"column":8},"end":{"line":23,"column":24}},{"start":{"line":23,"column":28},"end":{"line":23,"column":45}}]},"2":{"loc":{"start":{"line":326,"column":16},"end":{"line":326,"column":72}},"type":"cond-expr","locations":[{"start":{"line":326,"column":41},"end":{"line":326,"column":54}},{"start":{"line":326,"column":57},"end":{"line":326,"column":72}}]},"3":{"loc":{"start":{"line":338,"column":16},"end":{"line":338,"column":72}},"type":"cond-expr","locations":[{"start":{"line":338,"column":41},"end":{"line":338,"column":54}},{"start":{"line":338,"column":57},"end":{"line":338,"column":72}}]}},"s":{"0":0,"1":0,"2":0,"3":0,"4":0,"5":0,"6":0,"7":0,"8":0,"9":0,"10":0,"11":0,"12":0,"13":0,"14":0,"15":0,"16":0,"17":0,"18":0,"19":0,"20":0,"21":0,"22":0,"23":0,"24":0,"25":0,"26":0,"27":0,"28":0,"29":0,"30":0,"31":0,"32":0,"33":0,"34":0,"35":0,"36":0,"37":0,"38":0,"39":0,"40":0,"41":0,"42":0,"43":0,"44":0},"f":{"0":0,"1":0,"2":0},"b":{"0":[0],"1":[0,0],"2":[0,0],"3":[0,0]}}
,"/Users/rehman/Workspace/atbltd-health/apps/backend/src/scripts/seed.ts": {"path":"/Users/rehman/Workspace/atbltd-health/apps/backend/src/scripts/seed.ts","statementMap":{"0":{"start":{"line":1,"column":0},"end":{"line":1,"column":40}},"1":{"start":{"line":2,"column":0},"end":{"line":2,"column":43}},"2":{"start":{"line":3,"column":0},"end":{"line":3,"column":42}},"3":{"start":{"line":4,"column":0},"end":{"line":4,"column":37}},"4":{"start":{"line":5,"column":0},"end":{"line":5,"column":35}},"5":{"start":{"line":6,"column":0},"end":{"line":6,"column":47}},"6":{"start":{"line":7,"column":0},"end":{"line":7,"column":58}},"7":{"start":{"line":8,"column":0},"end":{"line":8,"column":59}},"8":{"start":{"line":9,"column":0},"end":{"line":9,"column":81}},"9":{"start":{"line":10,"column":0},"end":{"line":10,"column":49}},"10":{"start":{"line":11,"column":0},"end":{"line":11,"column":53}},"11":{"start":{"line":12,"column":0},"end":{"line":12,"column":55}},"12":{"start":{"line":14,"column":15},"end":{"line":14,"column":39}},"13":{"start":{"line":17,"column":2},"end":{"line":17,"column":45}},"14":{"start":{"line":19,"column":14},"end":{"line":19,"column":67}},"15":{"start":{"line":20,"column":21},"end":{"line":20,"column":40}},"16":{"start":{"line":23,"column":24},"end":{"line":25,"column":4}},"17":{"start":{"line":27,"column":2},"end":{"line":31,"column":3}},"18":{"start":{"line":28,"column":4},"end":{"line":28,"column":64}},"19":{"start":{"line":29,"column":4},"end":{"line":29,"column":22}},"20":{"start":{"line":30,"column":4},"end":{"line":30,"column":11}},"21":{"start":{"line":33,"column":22},"end":{"line":33,"column":52}},"22":{"start":{"line":34,"column":2},"end":{"line":34,"column":30}},"23":{"start":{"line":35,"column":2},"end":{"line":35,"column":39}},"24":{"start":{"line":37,"column":2},"end":{"line":502,"column":3}},"25":{"start":{"line":41,"column":31},"end":{"line":43,"column":null}},"26":{"start":{"line":46,"column":23},"end":{"line":56,"column":6}},"27":{"start":{"line":58,"column":28},"end":{"line":58,"column":70}},"28":{"start":{"line":59,"column":4},"end":{"line":59,"column":69}},"29":{"start":{"line":64,"column":32},"end":{"line":66,"column":null}},"30":{"start":{"line":69,"column":24},"end":{"line":79,"column":6}},"31":{"start":{"line":81,"column":29},"end":{"line":81,"column":72}},"32":{"start":{"line":82,"column":4},"end":{"line":82,"column":71}},"33":{"start":{"line":87,"column":26},"end":{"line":87,"column":99}},"34":{"start":{"line":89,"column":18},"end":{"line":99,"column":6}},"35":{"start":{"line":101,"column":23},"end":{"line":101,"column":60}},"36":{"start":{"line":102,"column":4},"end":{"line":102,"column":58}},"37":{"start":{"line":105,"column":23},"end":{"line":113,"column":6}},"38":{"start":{"line":115,"column":4},"end":{"line":115,"column":47}},"39":{"start":{"line":116,"column":4},"end":{"line":116,"column":72}},"40":{"start":{"line":121,"column":26},"end":{"line":121,"column":99}},"41":{"start":{"line":122,"column":22},"end":{"line":132,"column":6}},"42":{"start":{"line":134,"column":27},"end":{"line":134,"column":68}},"43":{"start":{"line":137,"column":18},"end":{"line":146,"column":6}},"44":{"start":{"line":148,"column":4},"end":{"line":148,"column":42}},"45":{"start":{"line":149,"column":4},"end":{"line":149,"column":54}},"46":{"start":{"line":154,"column":27},"end":{"line":154,"column":66}},"47":{"start":{"line":156,"column":19},"end":{"line":173,"column":6}},"48":{"start":{"line":175,"column":24},"end":{"line":175,"column":62}},"49":{"start":{"line":176,"column":4},"end":{"line":176,"column":60}},"50":{"start":{"line":179,"column":23},"end":{"line":192,"column":6}},"51":{"start":{"line":194,"column":4},"end":{"line":194,"column":47}},"52":{"start":{"line":195,"column":4},"end":{"line":195,"column":69}},"53":{"start":{"line":198,"column":20},"end":{"line":209,"column":6}},"54":{"start":{"line":211,"column":4},"end":{"line":211,"column":44}},"55":{"start":{"line":212,"column":4},"end":{"line":212,"column":65}},"56":{"start":{"line":215,"column":4},"end":{"line":215,"column":38}},"57":{"start":{"line":216,"column":4},"end":{"line":216,"column":29}},"58":{"start":{"line":217,"column":4},"end":{"line":217,"column":42}},"59":{"start":{"line":222,"column":22},"end":{"line":350,"column":6}},"60":{"start":{"line":352,"column":4},"end":{"line":365,"column":5}},"61":{"start":{"line":352,"column":17},"end":{"line":352,"column":18}},"62":{"start":{"line":353,"column":16},"end":{"line":353,"column":28}},"63":{"start":{"line":354,"column":22},"end":{"line":363,"column":8}},"64":{"start":{"line":364,"column":6},"end":{"line":364,"column":46}},"65":{"start":{"line":366,"column":4},"end":{"line":366,"column":57}},"66":{"start":{"line":371,"column":22},"end":{"line":462,"column":6}},"67":{"start":{"line":464,"column":4},"end":{"line":473,"column":5}},"68":{"start":{"line":465,"column":23},"end":{"line":471,"column":8}},"69":{"start":{"line":472,"column":6},"end":{"line":472,"column":47}},"70":{"start":{"line":474,"column":4},"end":{"line":474,"column":57}},"71":{"start":{"line":476,"column":4},"end":{"line":476,"column":42}},"72":{"start":{"line":478,"column":4},"end":{"line":478,"column":61}},"73":{"start":{"line":479,"column":4},"end":{"line":479,"column":35}},"74":{"start":{"line":480,"column":4},"end":{"line":480,"column":59}},"75":{"start":{"line":481,"column":4},"end":{"line":481,"column":44}},"76":{"start":{"line":482,"column":4},"end":{"line":482,"column":72}},"77":{"start":{"line":483,"column":4},"end":{"line":483,"column":72}},"78":{"start":{"line":484,"column":4},"end":{"line":484,"column":72}},"79":{"start":{"line":485,"column":4},"end":{"line":485,"column":72}},"80":{"start":{"line":486,"column":4},"end":{"line":486,"column":73}},"81":{"start":{"line":487,"column":4},"end":{"line":487,"column":72}},"82":{"start":{"line":488,"column":4},"end":{"line":488,"column":72}},"83":{"start":{"line":489,"column":4},"end":{"line":489,"column":72}},"84":{"start":{"line":490,"column":4},"end":{"line":490,"column":75}},"85":{"start":{"line":491,"column":4},"end":{"line":491,"column":72}},"86":{"start":{"line":492,"column":4},"end":{"line":492,"column":60}},"87":{"start":{"line":493,"column":4},"end":{"line":493,"column":61}},"88":{"start":{"line":495,"column":4},"end":{"line":495,"column":44}},"89":{"start":{"line":496,"column":25},"end":{"line":496,"column":81}},"90":{"start":{"line":497,"column":4},"end":{"line":497,"column":49}},"91":{"start":{"line":498,"column":4},"end":{"line":498,"column":16}},"92":{"start":{"line":500,"column":4},"end":{"line":500,"column":32}},"93":{"start":{"line":501,"column":4},"end":{"line":501,"column":22}},"94":{"start":{"line":505,"column":0},"end":{"line":511,"column":5}},"95":{"start":{"line":506,"column":14},"end":{"line":506,"column":29}},"96":{"start":{"line":508,"column":25},"end":{"line":508,"column":81}},"97":{"start":{"line":509,"column":4},"end":{"line":509,"column":31}},"98":{"start":{"line":510,"column":4},"end":{"line":510,"column":20}}},"fnMap":{"0":{"name":"bootstrap","decl":{"start":{"line":16,"column":15},"end":{"line":16,"column":24}},"loc":{"start":{"line":16,"column":24},"end":{"line":503,"column":1}}},"1":{"name":"(anonymous_1)","decl":{"start":{"line":506,"column":8},"end":{"line":506,"column":11}},"loc":{"start":{"line":506,"column":14},"end":{"line":506,"column":29}}},"2":{"name":"(anonymous_2)","decl":{"start":{"line":507,"column":9},"end":{"line":507,"column":10}},"loc":{"start":{"line":507,"column":28},"end":{"line":511,"column":3}}}},"branchMap":{"0":{"loc":{"start":{"line":27,"column":2},"end":{"line":31,"column":3}},"type":"if","locations":[{"start":{"line":27,"column":2},"end":{"line":31,"column":3}}]},"1":{"loc":{"start":{"line":42,"column":6},"end":{"line":42,"column":56}},"type":"binary-expr","locations":[{"start":{"line":42,"column":6},"end":{"line":42,"column":37}},{"start":{"line":42,"column":41},"end":{"line":42,"column":56}}]},"2":{"loc":{"start":{"line":65,"column":6},"end":{"line":65,"column":58}},"type":"binary-expr","locations":[{"start":{"line":65,"column":6},"end":{"line":65,"column":38}},{"start":{"line":65,"column":42},"end":{"line":65,"column":58}}]},"3":{"loc":{"start":{"line":87,"column":44},"end":{"line":87,"column":94}},"type":"binary-expr","locations":[{"start":{"line":87,"column":44},"end":{"line":87,"column":75}},{"start":{"line":87,"column":79},"end":{"line":87,"column":94}}]},"4":{"loc":{"start":{"line":121,"column":44},"end":{"line":121,"column":94}},"type":"binary-expr","locations":[{"start":{"line":121,"column":44},"end":{"line":121,"column":75}},{"start":{"line":121,"column":79},"end":{"line":121,"column":94}}]},"5":{"loc":{"start":{"line":496,"column":25},"end":{"line":496,"column":81}},"type":"cond-expr","locations":[{"start":{"line":496,"column":50},"end":{"line":496,"column":63}},{"start":{"line":496,"column":66},"end":{"line":496,"column":81}}]},"6":{"loc":{"start":{"line":508,"column":25},"end":{"line":508,"column":81}},"type":"cond-expr","locations":[{"start":{"line":508,"column":50},"end":{"line":508,"column":63}},{"start":{"line":508,"column":66},"end":{"line":508,"column":81}}]}},"s":{"0":0,"1":0,"2":0,"3":0,"4":0,"5":0,"6":0,"7":0,"8":0,"9":0,"10":0,"11":0,"12":0,"13":0,"14":0,"15":0,"16":0,"17":0,"18":0,"19":0,"20":0,"21":0,"22":0,"23":0,"24":0,"25":0,"26":0,"27":0,"28":0,"29":0,"30":0,"31":0,"32":0,"33":0,"34":0,"35":0,"36":0,"37":0,"38":0,"39":0,"40":0,"41":0,"42":0,"43":0,"44":0,"45":0,"46":0,"47":0,"48":0,"49":0,"50":0,"51":0,"52":0,"53":0,"54":0,"55":0,"56":0,"57":0,"58":0,"59":0,"60":0,"61":0,"62":0,"63":0,"64":0,"65":0,"66":0,"67":0,"68":0,"69":0,"70":0,"71":0,"72":0,"73":0,"74":0,"75":0,"76":0,"77":0,"78":0,"79":0,"80":0,"81":0,"82":0,"83":0,"84":0,"85":0,"86":0,"87":0,"88":0,"89":0,"90":0,"91":0,"92":0,"93":0,"94":0,"95":0,"96":0,"97":0,"98":0},"f":{"0":0,"1":0,"2":0},"b":{"0":[0],"1":[0,0],"2":[0,0],"3":[0,0],"4":[0,0],"5":[0,0],"6":[0,0]}}
}
