TN:
SF:src/app.controller.ts
FN:6,(anonymous_2)
FN:9,(anonymous_3)
FN:14,(anonymous_4)
FNF:3
FNH:2
FNDA:1,(anonymous_2)
FNDA:1,(anonymous_3)
FNDA:0,(anonymous_4)
DA:1,1
DA:2,1
DA:5,1
DA:6,1
DA:9,1
DA:10,1
DA:14,1
DA:15,0
LF:8
LH:7
BRF:0
BRH:0
end_of_record
TN:
SF:src/app.module.ts
FNF:0
FNH:0
DA:1,0
DA:2,0
DA:3,0
DA:4,0
DA:5,0
DA:6,0
DA:7,0
DA:8,0
DA:9,0
DA:10,0
DA:11,0
DA:12,0
DA:13,0
DA:14,0
DA:15,0
DA:16,0
DA:17,0
DA:18,0
DA:19,0
DA:50,0
LF:20
LH:0
BRF:0
BRH:0
end_of_record
TN:
SF:src/app.service.ts
FN:5,(anonymous_1)
FNF:1
FNH:1
FNDA:1,(anonymous_1)
DA:1,1
DA:4,1
DA:6,1
LF:3
LH:3
BRF:0
BRH:0
end_of_record
TN:
SF:src/main.ts
FN:5,bootstrap
FNF:1
FNH:0
FNDA:0,bootstrap
DA:1,0
DA:2,0
DA:3,0
DA:6,0
DA:9,0
DA:23,0
DA:26,0
DA:37,0
DA:38,0
DA:39,0
DA:40,0
DA:43,0
LF:12
LH:0
BRDA:37,0,0,0
BRDA:37,0,1,0
BRF:2
BRH:0
end_of_record
TN:
SF:src/common/decorators/current-user.decorator.ts
FN:5,(anonymous_0)
FNF:1
FNH:0
FNDA:0,(anonymous_0)
DA:1,0
DA:4,0
DA:9,0
DA:10,0
DA:12,0
LF:5
LH:0
BRDA:12,0,0,0
BRDA:12,0,1,0
BRDA:12,1,0,0
BRDA:12,1,1,0
BRDA:12,2,0,0
BRDA:12,2,1,0
BRF:6
BRH:0
end_of_record
TN:
SF:src/common/decorators/public.decorator.ts
FN:4,(anonymous_0)
FNF:1
FNH:0
FNDA:0,(anonymous_0)
DA:1,0
DA:3,0
DA:4,0
LF:3
LH:0
BRF:0
BRH:0
end_of_record
TN:
SF:src/common/decorators/roles.decorator.ts
FN:5,(anonymous_0)
FNF:1
FNH:0
FNDA:0,(anonymous_0)
DA:1,0
DA:4,0
DA:5,0
LF:3
LH:0
BRF:0
BRH:0
end_of_record
TN:
SF:src/common/enums/claim-status.enum.ts
FN:1,(anonymous_0)
FNF:1
FNH:1
FNDA:3,(anonymous_0)
DA:1,3
DA:2,3
DA:3,3
DA:4,3
DA:5,3
DA:6,3
DA:7,3
DA:8,3
LF:8
LH:8
BRDA:1,0,0,3
BRDA:1,0,1,3
BRF:2
BRH:2
end_of_record
TN:
SF:src/common/enums/user-role.enum.ts
FN:1,(anonymous_0)
FNF:1
FNH:1
FNDA:6,(anonymous_0)
DA:1,6
DA:2,6
DA:3,6
DA:4,6
DA:5,6
DA:6,6
LF:6
LH:6
BRDA:1,0,0,6
BRDA:1,0,1,6
BRF:2
BRH:2
end_of_record
TN:
SF:src/common/guards/jwt-auth.guard.ts
FN:7,(anonymous_2)
FN:11,(anonymous_3)
FNF:2
FNH:0
FNDA:0,(anonymous_2)
FNDA:0,(anonymous_3)
DA:1,0
DA:2,0
DA:3,0
DA:6,0
DA:7,0
DA:8,0
DA:13,0
DA:18,0
DA:19,0
DA:22,0
LF:10
LH:0
BRDA:18,0,0,0
BRF:1
BRH:0
end_of_record
TN:
SF:src/common/guards/roles.guard.ts
FN:8,(anonymous_2)
FN:10,(anonymous_3)
FNF:2
FNH:0
FNDA:0,(anonymous_2)
FNDA:0,(anonymous_3)
DA:1,0
DA:2,0
DA:4,0
DA:7,0
DA:8,0
DA:11,0
DA:16,0
DA:17,0
DA:20,0
DA:22,0
DA:23,0
DA:26,0
LF:12
LH:0
BRDA:16,0,0,0
BRDA:22,1,0,0
BRF:2
BRH:0
end_of_record
TN:
SF:src/common/interceptors/audit-log.interceptor.ts
FN:26,(anonymous_4)
FN:31,(anonymous_5)
FN:49,(anonymous_6)
FN:59,(anonymous_7)
FN:74,(anonymous_8)
FN:112,(anonymous_9)
FN:128,(anonymous_10)
FN:135,(anonymous_11)
FN:143,(anonymous_12)
FN:157,(anonymous_13)
FNF:10
FNH:0
FNDA:0,(anonymous_4)
FNDA:0,(anonymous_5)
FNDA:0,(anonymous_6)
FNDA:0,(anonymous_7)
FNDA:0,(anonymous_8)
FNDA:0,(anonymous_9)
FNDA:0,(anonymous_10)
FNDA:0,(anonymous_11)
FNDA:0,(anonymous_12)
FNDA:0,(anonymous_13)
DA:1,0
DA:8,0
DA:9,0
DA:10,0
DA:11,0
DA:15,0
DA:17,0
DA:20,0
DA:28,0
DA:32,0
DA:33,0
DA:34,0
DA:37,0
DA:41,0
DA:44,0
DA:45,0
DA:47,0
DA:51,0
DA:61,0
DA:82,0
DA:83,0
DA:85,0
DA:108,0
DA:113,0
DA:115,0
DA:117,0
DA:120,0
DA:122,0
DA:124,0
DA:130,0
DA:132,0
DA:138,0
DA:139,0
DA:140,0
DA:144,0
DA:147,0
DA:148,0
DA:149,0
DA:150,0
DA:151,0
DA:152,0
DA:154,0
DA:158,0
DA:159,0
DA:160,0
DA:166,0
LF:46
LH:0
BRDA:37,0,0,0
BRDA:38,1,0,0
BRDA:38,1,1,0
BRDA:89,2,0,0
BRDA:89,2,1,0
BRDA:89,2,2,0
BRDA:89,3,0,0
BRDA:89,3,1,0
BRDA:89,4,0,0
BRDA:89,4,1,0
BRDA:90,5,0,0
BRDA:90,5,1,0
BRDA:90,6,0,0
BRDA:90,6,1,0
BRDA:92,7,0,0
BRDA:92,7,1,0
BRDA:92,8,0,0
BRDA:92,8,1,0
BRDA:92,9,0,0
BRDA:92,9,1,0
BRDA:103,10,0,0
BRDA:103,10,1,0
BRDA:115,11,0,0
BRDA:115,11,1,0
BRDA:115,11,2,0
BRDA:115,11,3,0
BRDA:115,11,4,0
BRDA:132,12,0,0
BRDA:132,12,1,0
BRDA:140,13,0,0
BRDA:140,13,1,0
BRDA:144,14,0,0
BRDA:159,15,0,0
BRDA:161,16,0,0
BRDA:161,16,1,0
BRDA:161,17,0,0
BRDA:161,17,1,0
BRDA:161,18,0,0
BRDA:161,18,1,0
BRDA:161,19,0,0
BRDA:161,19,1,0
BRDA:166,20,0,0
BRDA:166,20,1,0
BRDA:166,20,2,0
BRDA:166,21,0,0
BRDA:166,21,1,0
BRDA:166,22,0,0
BRDA:166,22,1,0
BRF:48
BRH:0
end_of_record
TN:
SF:src/core/core.module.ts
FN:14,(anonymous_1)
FNF:1
FNH:0
FNDA:0,(anonymous_1)
DA:1,0
DA:2,0
DA:3,0
DA:14,0
DA:27,0
LF:5
LH:0
BRF:0
BRH:0
end_of_record
TN:
SF:src/entities/agent.entity.ts
FN:14,(anonymous_2)
FN:30,(anonymous_3)
FN:70,(anonymous_4)
FN:70,(anonymous_5)
FN:80,(anonymous_6)
FN:80,(anonymous_7)
FN:83,(anonymous_8)
FN:83,(anonymous_9)
FNF:8
FNH:1
FNDA:4,(anonymous_2)
FNDA:0,(anonymous_3)
FNDA:0,(anonymous_4)
FNDA:0,(anonymous_5)
FNDA:0,(anonymous_6)
FNDA:0,(anonymous_7)
FNDA:0,(anonymous_8)
FNDA:0,(anonymous_9)
DA:1,4
DA:11,4
DA:12,4
DA:14,4
DA:15,4
DA:16,4
DA:17,4
DA:18,4
DA:19,4
DA:20,4
DA:21,4
DA:22,4
DA:26,4
DA:28,4
DA:30,0
DA:32,4
DA:35,4
DA:38,4
DA:46,4
DA:54,4
DA:62,4
DA:65,4
DA:68,4
DA:70,0
DA:75,4
DA:78,4
DA:80,0
DA:81,4
DA:83,0
DA:84,4
DA:87,4
DA:94,4
DA:97,4
DA:100,4
DA:103,4
DA:106,4
DA:109,4
DA:112,4
LF:38
LH:34
BRDA:14,0,0,4
BRDA:14,0,1,4
BRF:2
BRH:2
end_of_record
TN:
SF:src/entities/audit-log.entity.ts
FN:16,(anonymous_2)
FN:16,(anonymous_3)
FNF:2
FNH:0
FNDA:0,(anonymous_2)
FNDA:0,(anonymous_3)
DA:1,6
DA:9,6
DA:12,6
DA:14,6
DA:16,0
DA:18,6
DA:21,6
DA:24,6
DA:27,6
DA:30,6
DA:33,6
DA:36,6
DA:39,6
DA:42,6
DA:45,6
DA:48,6
LF:16
LH:15
BRF:0
BRH:0
end_of_record
TN:
SF:src/entities/claim-document.entity.ts
FN:16,(anonymous_2)
FNF:1
FNH:0
FNDA:0,(anonymous_2)
DA:1,2
DA:9,2
DA:12,2
DA:14,2
DA:16,0
DA:18,2
DA:21,2
DA:24,2
DA:27,2
DA:30,2
DA:33,2
DA:36,2
DA:39,2
LF:13
LH:12
BRF:0
BRH:0
end_of_record
TN:
SF:src/entities/claim.entity.ts
FN:18,(anonymous_2)
FNF:1
FNH:0
FNDA:0,(anonymous_2)
DA:1,3
DA:10,3
DA:11,3
DA:14,3
DA:16,3
DA:18,0
DA:20,3
DA:23,3
DA:26,3
DA:29,3
DA:32,3
DA:35,3
DA:38,3
DA:41,3
DA:44,3
DA:51,3
DA:59,3
DA:66,3
DA:69,3
DA:72,3
DA:75,3
DA:78,3
DA:81,3
DA:84,3
DA:87,3
DA:90,3
DA:93,3
DA:96,3
DA:99,3
DA:102,3
LF:30
LH:29
BRF:0
BRH:0
end_of_record
TN:
SF:src/entities/commission.entity.ts
FN:12,(anonymous_2)
FN:19,(anonymous_3)
FN:30,(anonymous_4)
FN:40,(anonymous_5)
FNF:4
FNH:2
FNDA:4,(anonymous_2)
FNDA:4,(anonymous_3)
FNDA:0,(anonymous_4)
FNDA:0,(anonymous_5)
DA:1,4
DA:9,4
DA:10,4
DA:12,4
DA:13,4
DA:14,4
DA:15,4
DA:16,4
DA:19,4
DA:20,4
DA:21,4
DA:22,4
DA:26,4
DA:28,4
DA:30,0
DA:32,4
DA:35,4
DA:38,4
DA:40,0
DA:42,4
DA:45,4
DA:48,4
DA:55,4
DA:62,4
DA:69,4
DA:76,4
DA:83,4
DA:86,4
DA:89,4
DA:92,4
DA:95,4
DA:98,4
DA:101,4
DA:104,4
DA:107,4
DA:110,4
LF:36
LH:34
BRDA:12,0,0,4
BRDA:12,0,1,4
BRDA:19,1,0,4
BRDA:19,1,1,4
BRF:4
BRH:4
end_of_record
TN:
SF:src/entities/hospital.entity.ts
FNF:0
FNH:0
DA:1,0
DA:10,0
DA:12,0
DA:15,0
DA:18,0
DA:21,0
DA:24,0
DA:27,0
DA:30,0
DA:33,0
DA:36,0
DA:39,0
DA:42,0
DA:45,0
DA:48,0
LF:15
LH:0
BRF:0
BRH:0
end_of_record
TN:
SF:src/entities/membership.entity.ts
FN:17,(anonymous_2)
FN:17,(anonymous_3)
FNF:2
FNH:0
FNDA:0,(anonymous_2)
FNDA:0,(anonymous_3)
DA:1,6
DA:10,6
DA:13,6
DA:15,6
DA:17,0
DA:19,6
DA:22,6
DA:30,6
DA:33,6
DA:36,6
DA:39,6
DA:42,6
DA:45,6
DA:48,6
DA:51,6
DA:54,6
DA:62,6
DA:65,6
DA:73,6
DA:76,6
DA:79,6
LF:21
LH:20
BRF:0
BRH:0
end_of_record
TN:
SF:src/entities/notification.entity.ts
FN:11,(anonymous_2)
FN:29,(anonymous_3)
FNF:2
FNH:1
FNDA:6,(anonymous_2)
FNDA:0,(anonymous_3)
DA:1,6
DA:9,6
DA:11,6
DA:12,6
DA:13,6
DA:14,6
DA:15,6
DA:16,6
DA:17,6
DA:18,6
DA:19,6
DA:20,6
DA:21,6
DA:25,6
DA:27,6
DA:29,0
DA:31,6
DA:34,6
DA:41,6
DA:44,6
DA:47,6
DA:50,6
DA:53,6
DA:56,6
DA:59,6
LF:25
LH:24
BRDA:11,0,0,6
BRDA:11,0,1,6
BRF:2
BRH:2
end_of_record
TN:
SF:src/entities/payment.entity.ts
FN:11,(anonymous_2)
FN:18,(anonymous_3)
FN:30,(anonymous_4)
FNF:3
FNH:2
FNDA:3,(anonymous_2)
FNDA:3,(anonymous_3)
FNDA:0,(anonymous_4)
DA:1,3
DA:9,3
DA:11,3
DA:12,3
DA:13,3
DA:14,3
DA:15,3
DA:18,3
DA:19,3
DA:20,3
DA:21,3
DA:22,3
DA:26,3
DA:28,3
DA:30,0
DA:32,3
DA:35,3
DA:42,3
DA:49,3
DA:52,3
DA:55,3
DA:58,3
DA:61,3
DA:68,3
DA:71,3
DA:74,3
DA:77,3
DA:80,3
DA:83,3
DA:86,3
LF:30
LH:29
BRDA:11,0,0,3
BRDA:11,0,1,3
BRDA:18,1,0,3
BRDA:18,1,1,3
BRF:4
BRH:4
end_of_record
TN:
SF:src/entities/surgery.entity.ts
FNF:0
FNH:0
DA:1,0
DA:10,0
DA:12,0
DA:15,0
DA:18,0
DA:21,0
DA:24,0
DA:27,0
DA:30,0
DA:33,0
DA:36,0
DA:39,0
DA:42,0
DA:45,0
LF:14
LH:0
BRF:0
BRH:0
end_of_record
TN:
SF:src/entities/user.entity.ts
FN:93,(anonymous_2)
FN:93,(anonymous_3)
FN:96,(anonymous_4)
FN:96,(anonymous_5)
FNF:4
FNH:0
FNDA:0,(anonymous_2)
FNDA:0,(anonymous_3)
FNDA:0,(anonymous_4)
FNDA:0,(anonymous_5)
DA:1,6
DA:10,6
DA:11,6
DA:12,6
DA:15,6
DA:17,6
DA:20,6
DA:23,6
DA:26,6
DA:29,6
DA:32,6
DA:35,6
DA:38,6
DA:41,6
DA:44,6
DA:47,6
DA:50,6
DA:53,6
DA:60,6
DA:63,6
DA:66,6
DA:69,6
DA:72,6
DA:75,6
DA:78,6
DA:81,6
DA:84,6
DA:87,6
DA:90,6
DA:93,0
DA:94,6
DA:96,0
DA:97,6
LF:33
LH:31
BRF:0
BRH:0
end_of_record
TN:
SF:src/modules/admin/admin.controller.ts
FN:26,(anonymous_4)
FN:36,(anonymous_5)
FN:57,(anonymous_6)
FN:71,(anonymous_7)
FN:81,(anonymous_8)
FN:91,(anonymous_9)
FN:103,(anonymous_10)
FN:113,(anonymous_11)
FNF:8
FNH:0
FNDA:0,(anonymous_4)
FNDA:0,(anonymous_5)
FNDA:0,(anonymous_6)
FNDA:0,(anonymous_7)
FNDA:0,(anonymous_8)
FNDA:0,(anonymous_9)
FNDA:0,(anonymous_10)
FNDA:0,(anonymous_11)
DA:1,0
DA:12,0
DA:13,0
DA:14,0
DA:15,0
DA:16,0
DA:17,0
DA:18,0
DA:20,0
DA:25,0
DA:27,0
DA:28,0
DA:36,0
DA:37,0
DA:38,0
DA:40,0
DA:41,0
DA:43,0
DA:57,0
DA:62,0
DA:71,0
DA:72,0
DA:81,0
DA:82,0
DA:91,0
DA:95,0
DA:103,0
DA:105,0
DA:113,0
DA:114,0
LF:30
LH:0
BRDA:37,0,0,0
BRDA:37,1,0,0
BRDA:37,1,1,0
BRDA:40,2,0,0
BRDA:40,3,0,0
BRDA:40,3,1,0
BRF:6
BRH:0
end_of_record
TN:
SF:src/modules/admin/admin.module.ts
FNF:0
FNH:0
DA:1,0
DA:2,0
DA:3,0
DA:4,0
DA:5,0
DA:6,0
DA:7,0
DA:8,0
DA:9,0
DA:10,0
DA:11,0
DA:12,0
DA:13,0
DA:14,0
DA:33,0
LF:15
LH:0
BRF:0
BRH:0
end_of_record
TN:
SF:src/modules/admin/admin.service.ts
FN:25,(anonymous_4)
FN:46,(anonymous_5)
FN:152,(anonymous_6)
FN:186,(anonymous_7)
FN:245,(anonymous_8)
FN:327,(anonymous_9)
FN:361,(anonymous_10)
FN:385,(anonymous_11)
FNF:8
FNH:5
FNDA:8,(anonymous_4)
FNDA:0,(anonymous_5)
FNDA:0,(anonymous_6)
FNDA:4,(anonymous_7)
FNDA:1,(anonymous_8)
FNDA:0,(anonymous_9)
FNDA:2,(anonymous_10)
FNDA:2,(anonymous_11)
DA:1,1
DA:8,1
DA:9,1
DA:10,1
DA:11,1
DA:12,1
DA:13,1
DA:14,1
DA:15,1
DA:16,1
DA:17,1
DA:18,1
DA:19,1
DA:20,1
DA:21,1
DA:23,1
DA:24,8
DA:27,8
DA:29,8
DA:31,8
DA:33,8
DA:35,8
DA:37,8
DA:38,8
DA:39,8
DA:40,8
DA:67,0
DA:70,0
DA:74,0
DA:75,0
DA:76,0
DA:78,0
DA:86,0
DA:93,0
DA:97,0
DA:98,0
DA:99,0
DA:107,0
DA:108,0
DA:111,0
DA:114,0
DA:119,0
DA:120,0
DA:124,0
DA:162,0
DA:163,0
DA:164,0
DA:165,0
DA:167,0
DA:175,0
DA:195,4
DA:200,4
DA:201,1
DA:204,3
DA:205,1
DA:208,2
DA:210,1
DA:211,1
DA:212,1
DA:213,1
DA:215,1
DA:217,1
DA:223,1
DA:224,1
DA:225,1
DA:226,1
DA:229,1
DA:237,1
DA:247,1
DA:251,1
DA:252,1
DA:253,1
DA:254,1
DA:255,1
DA:256,1
DA:257,1
DA:258,1
DA:259,1
DA:263,1
DA:264,1
DA:265,1
DA:269,1
DA:278,1
DA:287,1
DA:288,1
DA:289,1
DA:294,0
DA:299,1
DA:300,0
DA:301,0
DA:306,0
DA:311,1
DA:336,0
DA:337,0
DA:338,0
DA:345,0
DA:362,2
DA:364,1
DA:374,1
DA:387,2
DA:391,2
DA:392,1
DA:399,1
DA:403,1
DA:412,1
DA:416,1
LF:106
LH:74
BRDA:132,0,0,0
BRDA:132,0,1,0
BRDA:132,1,0,0
BRDA:132,1,1,0
BRDA:132,2,0,0
BRDA:132,2,1,0
BRDA:154,3,0,0
BRDA:155,4,0,0
BRDA:162,5,0,0
BRDA:162,5,1,0
BRDA:163,6,0,0
BRDA:163,6,1,0
BRDA:165,7,0,0
BRDA:200,8,0,1
BRDA:204,9,0,1
BRDA:208,10,0,1
BRDA:208,10,1,1
BRDA:251,11,0,1
BRDA:263,12,0,1
BRDA:287,13,0,1
BRDA:287,14,0,0
BRDA:287,14,1,1
BRDA:287,15,0,1
BRDA:287,15,1,1
BRDA:299,16,0,0
BRDA:299,17,0,0
BRDA:299,17,1,1
BRDA:299,18,0,1
BRDA:299,18,1,1
BRDA:319,19,0,0
BRDA:319,19,1,1
BRDA:319,20,0,1
BRDA:319,20,1,1
BRDA:328,21,0,0
BRDA:329,22,0,0
BRDA:336,23,0,0
BRDA:336,23,1,0
BRDA:337,24,0,0
BRDA:337,24,1,0
BRDA:362,25,0,1
BRDA:362,25,1,1
BRDA:391,26,0,1
BRF:42
BRH:19
end_of_record
TN:
SF:src/modules/admin/fraud.service.ts
FN:23,(anonymous_4)
FN:35,(anonymous_5)
FN:122,(anonymous_6)
FNF:3
FNH:0
FNDA:0,(anonymous_4)
FNDA:0,(anonymous_5)
FNDA:0,(anonymous_6)
DA:1,0
DA:2,0
DA:3,0
DA:4,0
DA:5,0
DA:6,0
DA:22,0
DA:25,0
DA:27,0
DA:29,0
DA:36,0
DA:39,0
DA:47,0
DA:48,0
DA:53,0
DA:62,0
DA:69,0
DA:70,0
DA:79,0
DA:80,0
DA:89,0
DA:90,0
DA:99,0
DA:107,0
DA:108,0
DA:116,0
DA:123,0
DA:124,0
DA:126,0
DA:129,0
DA:130,0
DA:133,0
DA:134,0
DA:144,0
LF:34
LH:0
BRDA:126,0,0,0
BRDA:129,1,0,0
BRDA:133,2,0,0
BRF:3
BRH:0
end_of_record
TN:
SF:src/modules/agent/agent-approval.service.ts
FN:19,(anonymous_4)
FN:30,(anonymous_5)
FN:120,(anonymous_6)
FN:153,(anonymous_7)
FN:177,(anonymous_8)
FNF:5
FNH:4
FNDA:19,(anonymous_4)
FNDA:7,(anonymous_5)
FNDA:3,(anonymous_6)
FNDA:0,(anonymous_7)
FNDA:4,(anonymous_8)
DA:1,2
DA:7,2
DA:8,2
DA:9,2
DA:10,2
DA:11,2
DA:12,2
DA:13,2
DA:14,2
DA:15,2
DA:18,2
DA:21,19
DA:23,19
DA:25,19
DA:26,19
DA:27,19
DA:31,7
DA:36,7
DA:38,6
DA:39,2
DA:40,2
DA:41,2
DA:42,2
DA:43,2
DA:45,4
DA:46,4
DA:47,2
DA:49,2
DA:52,0
DA:55,4
DA:58,4
DA:63,2
DA:64,2
DA:65,0
DA:69,2
DA:70,2
DA:75,2
DA:76,2
DA:80,4
DA:84,2
DA:94,4
DA:95,2
DA:105,4
DA:117,4
DA:125,3
DA:130,3
DA:132,3
DA:133,1
DA:134,1
DA:135,1
DA:136,1
DA:137,1
DA:139,2
DA:140,0
DA:141,2
DA:142,2
DA:143,1
DA:145,1
DA:147,0
DA:150,2
DA:154,0
DA:159,0
DA:161,0
DA:162,0
DA:163,0
DA:164,0
DA:165,0
DA:166,0
DA:168,0
DA:169,0
DA:171,0
DA:174,0
DA:181,4
DA:182,4
DA:184,4
DA:185,2
DA:186,2
DA:187,2
DA:188,2
DA:189,2
DA:192,4
DA:198,4
DA:204,4
LF:83
LH:67
BRDA:36,0,0,1
BRDA:38,1,0,2
BRDA:38,1,1,4
BRDA:41,2,0,2
BRDA:45,3,0,4
BRDA:45,3,1,0
BRDA:46,4,0,2
BRDA:46,4,1,2
BRDA:58,5,0,2
BRDA:59,6,0,4
BRDA:59,6,1,2
BRDA:59,6,2,2
BRDA:61,7,0,0
BRDA:61,7,1,2
BRDA:61,8,0,2
BRDA:61,8,1,2
BRDA:63,9,0,2
BRDA:63,9,1,1
BRDA:64,10,0,0
BRDA:64,10,1,2
BRDA:69,11,0,2
BRDA:80,12,0,2
BRDA:81,13,0,4
BRDA:81,13,1,2
BRDA:94,14,0,2
BRDA:130,15,0,0
BRDA:132,16,0,1
BRDA:132,16,1,2
BRDA:135,17,0,1
BRDA:139,18,0,0
BRDA:139,18,1,2
BRDA:141,19,0,2
BRDA:141,19,1,0
BRDA:142,20,0,1
BRDA:159,21,0,0
BRDA:161,22,0,0
BRDA:161,22,1,0
BRDA:164,23,0,0
BRDA:168,24,0,0
BRDA:168,24,1,0
BRDA:184,25,0,2
BRDA:184,25,1,2
BRDA:187,26,0,2
BRF:43
BRH:31
end_of_record
TN:
SF:src/modules/agent/agent.controller.ts
FN:14,(anonymous_4)
FN:24,(anonymous_5)
FN:45,(anonymous_6)
FN:59,(anonymous_7)
FN:70,(anonymous_8)
FN:79,(anonymous_9)
FN:88,(anonymous_10)
FN:90,(anonymous_11)
FN:98,(anonymous_12)
FN:107,(anonymous_13)
FN:116,(anonymous_14)
FN:125,(anonymous_15)
FNF:12
FNH:0
FNDA:0,(anonymous_4)
FNDA:0,(anonymous_5)
FNDA:0,(anonymous_6)
FNDA:0,(anonymous_7)
FNDA:0,(anonymous_8)
FNDA:0,(anonymous_9)
FNDA:0,(anonymous_10)
FNDA:0,(anonymous_11)
FNDA:0,(anonymous_12)
FNDA:0,(anonymous_13)
FNDA:0,(anonymous_14)
FNDA:0,(anonymous_15)
DA:1,0
DA:2,0
DA:3,0
DA:4,0
DA:5,0
DA:6,0
DA:7,0
DA:8,0
DA:13,0
DA:15,0
DA:16,0
DA:24,0
DA:37,0
DA:45,0
DA:46,0
DA:47,0
DA:49,0
DA:50,0
DA:51,0
DA:59,0
DA:60,0
DA:61,0
DA:62,0
DA:70,0
DA:71,0
DA:79,0
DA:80,0
DA:88,0
DA:89,0
DA:90,0
DA:98,0
DA:99,0
DA:107,0
DA:108,0
DA:116,0
DA:117,0
DA:125,0
DA:126,0
LF:38
LH:0
BRDA:46,0,0,0
BRDA:46,1,0,0
BRDA:46,1,1,0
BRDA:50,2,0,0
BRDA:61,3,0,0
BRDA:90,4,0,0
BRDA:90,4,1,0
BRDA:90,5,0,0
BRDA:90,5,1,0
BRF:9
BRH:0
end_of_record
TN:
SF:src/modules/agent/agent.module.ts
FNF:0
FNH:0
DA:1,0
DA:2,0
DA:3,0
DA:4,0
DA:5,0
DA:6,0
DA:7,0
DA:8,0
DA:9,0
DA:10,0
DA:18,0
LF:11
LH:0
BRF:0
BRH:0
end_of_record
TN:
SF:src/modules/agent/agent.service.ts
FN:23,(anonymous_4)
FN:37,(anonymous_5)
FN:46,(anonymous_6)
FN:236,(anonymous_7)
FN:246,(anonymous_8)
FN:257,(anonymous_9)
FN:267,(anonymous_10)
FN:273,(anonymous_11)
FN:288,(anonymous_12)
FNF:9
FNH:4
FNDA:10,(anonymous_4)
FNDA:3,(anonymous_5)
FNDA:5,(anonymous_6)
FNDA:0,(anonymous_7)
FNDA:0,(anonymous_8)
FNDA:0,(anonymous_9)
FNDA:0,(anonymous_10)
FNDA:0,(anonymous_11)
FNDA:3,(anonymous_12)
DA:1,1
DA:9,1
DA:10,1
DA:11,1
DA:12,1
DA:13,1
DA:14,1
DA:15,1
DA:16,1
DA:17,1
DA:18,1
DA:21,1
DA:22,10
DA:25,10
DA:27,10
DA:29,10
DA:30,10
DA:31,10
DA:38,3
DA:39,3
DA:40,3
DA:59,5
DA:60,0
DA:64,5
DA:65,1
DA:69,4
DA:70,4
DA:71,2
DA:74,2
DA:75,0
DA:79,2
DA:83,4
DA:86,4
DA:87,1
DA:91,3
DA:94,3
DA:95,3
DA:98,3
DA:103,3
DA:104,3
DA:106,3
DA:108,1
DA:109,1
DA:110,2
DA:112,1
DA:113,1
DA:114,1
DA:116,1
DA:117,1
DA:121,3
DA:132,3
DA:135,3
DA:138,3
DA:151,3
DA:153,3
DA:155,1
DA:165,3
DA:167,1
DA:178,3
DA:182,1
DA:184,1
DA:185,0
DA:189,1
DA:190,1
DA:197,1
DA:198,1
DA:202,3
DA:213,3
DA:230,3
DA:237,0
DA:247,0
DA:258,0
DA:268,0
DA:273,0
DA:276,0
DA:277,0
DA:282,0
DA:285,0
DA:289,3
DA:291,3
DA:292,3
DA:294,0
DA:295,0
DA:297,1
DA:298,1
DA:300,2
DA:301,2
DA:303,0
DA:306,3
DA:309,3
LF:90
LH:75
BRDA:59,0,0,0
BRDA:59,1,0,5
BRDA:59,1,1,3
BRDA:64,2,0,1
BRDA:64,3,0,5
BRDA:64,3,1,3
BRDA:70,4,0,2
BRDA:74,5,0,0
BRDA:86,6,0,1
BRDA:106,7,0,1
BRDA:106,7,1,2
BRDA:106,8,0,0
BRDA:106,8,1,3
BRDA:106,9,0,3
BRDA:106,9,1,3
BRDA:110,10,0,1
BRDA:110,10,1,1
BRDA:110,11,0,0
BRDA:110,11,1,2
BRDA:110,12,0,2
BRDA:110,12,1,2
BRDA:114,13,0,1
BRDA:114,14,0,0
BRDA:114,14,1,1
BRDA:114,15,0,1
BRDA:114,15,1,1
BRDA:145,16,0,3
BRDA:145,16,1,0
BRDA:145,17,0,0
BRDA:145,17,1,3
BRDA:145,18,0,3
BRDA:145,18,1,3
BRDA:146,19,0,3
BRDA:146,19,1,0
BRDA:146,20,0,0
BRDA:146,20,1,3
BRDA:146,21,0,3
BRDA:146,21,1,3
BRDA:147,22,0,3
BRDA:147,22,1,0
BRDA:147,23,0,0
BRDA:147,23,1,3
BRDA:147,24,0,3
BRDA:147,24,1,3
BRDA:153,25,0,1
BRDA:153,26,0,0
BRDA:153,26,1,3
BRDA:153,27,0,3
BRDA:153,27,1,3
BRDA:158,28,0,1
BRDA:158,28,1,0
BRDA:165,29,0,1
BRDA:165,30,0,0
BRDA:165,30,1,3
BRDA:165,31,0,3
BRDA:165,31,1,3
BRDA:178,32,0,1
BRDA:179,33,0,3
BRDA:179,33,1,1
BRDA:179,34,0,0
BRDA:179,34,1,3
BRDA:179,35,0,3
BRDA:179,35,1,3
BRDA:184,36,0,0
BRDA:184,36,1,1
BRDA:189,37,0,1
BRDA:205,38,0,0
BRDA:205,38,1,3
BRDA:206,39,0,0
BRDA:206,39,1,3
BRDA:224,40,0,3
BRDA:224,40,1,1
BRDA:226,41,0,3
BRDA:226,41,1,0
BRDA:226,42,0,0
BRDA:226,42,1,3
BRDA:226,43,0,3
BRDA:226,43,1,3
BRDA:273,44,0,0
BRDA:273,44,1,0
BRDA:273,45,0,0
BRDA:273,45,1,0
BRDA:292,46,0,0
BRDA:292,46,1,1
BRDA:292,46,2,2
BRDA:292,46,3,0
BRF:86
BRH:60
end_of_record
TN:
SF:src/modules/auth/auth.controller.ts
FN:21,(anonymous_4)
FN:31,(anonymous_5)
FN:42,(anonymous_6)
FN:53,(anonymous_7)
FN:64,(anonymous_8)
FN:74,(anonymous_9)
FN:84,(anonymous_10)
FN:98,(anonymous_11)
FNF:8
FNH:0
FNDA:0,(anonymous_4)
FNDA:0,(anonymous_5)
FNDA:0,(anonymous_6)
FNDA:0,(anonymous_7)
FNDA:0,(anonymous_8)
FNDA:0,(anonymous_9)
FNDA:0,(anonymous_10)
FNDA:0,(anonymous_11)
DA:1,0
DA:10,0
DA:11,0
DA:12,0
DA:13,0
DA:14,0
DA:15,0
DA:16,0
DA:20,0
DA:21,0
DA:31,0
DA:32,0
DA:42,0
DA:43,0
DA:53,0
DA:54,0
DA:64,0
DA:65,0
DA:74,0
DA:75,0
DA:84,0
DA:85,0
DA:98,0
DA:99,0
LF:24
LH:0
BRF:0
BRH:0
end_of_record
TN:
SF:src/modules/auth/auth.module.ts
FNF:0
FNH:0
DA:1,0
DA:2,0
DA:3,0
DA:4,0
DA:5,0
DA:6,0
DA:7,0
DA:8,0
DA:9,0
DA:10,0
DA:11,0
DA:12,0
DA:13,0
DA:30,0
LF:14
LH:0
BRDA:19,0,0,0
BRDA:19,0,1,0
BRF:2
BRH:0
end_of_record
TN:
SF:src/modules/auth/auth.service.ts
FN:31,(anonymous_4)
FN:42,(anonymous_5)
FN:63,(anonymous_6)
FN:217,(anonymous_7)
FN:289,(anonymous_8)
FN:325,(anonymous_9)
FN:381,(anonymous_10)
FN:410,(anonymous_11)
FN:422,(anonymous_12)
FN:440,(anonymous_13)
FNF:10
FNH:5
FNDA:1,(anonymous_4)
FNDA:10,(anonymous_5)
FNDA:3,(anonymous_6)
FNDA:4,(anonymous_7)
FNDA:0,(anonymous_8)
FNDA:0,(anonymous_9)
FNDA:0,(anonymous_10)
FNDA:0,(anonymous_11)
FNDA:0,(anonymous_12)
FNDA:3,(anonymous_13)
DA:1,1
DA:9,1
DA:10,1
DA:11,1
DA:12,1
DA:13,1
DA:14,1
DA:15,1
DA:16,1
DA:17,1
DA:18,1
DA:23,1
DA:24,1
DA:26,1
DA:28,10
DA:32,1
DA:40,10
DA:44,10
DA:46,10
DA:48,10
DA:50,10
DA:52,10
DA:53,10
DA:54,10
DA:55,10
DA:70,3
DA:71,1
DA:74,1
DA:75,1
DA:79,2
DA:82,2
DA:83,1
DA:89,1
DA:90,1
DA:91,1
DA:92,1
DA:98,0
DA:99,0
DA:100,0
DA:102,0
DA:104,0
DA:107,0
DA:108,0
DA:111,0
DA:130,0
DA:132,0
DA:142,0
DA:153,0
DA:156,0
DA:167,0
DA:170,0
DA:182,0
DA:185,0
DA:186,0
DA:190,0
DA:192,0
DA:193,0
DA:197,0
DA:199,0
DA:207,0
DA:208,0
DA:210,0
DA:226,4
DA:229,4
DA:232,4
DA:236,4
DA:238,1
DA:243,4
DA:244,1
DA:248,3
DA:249,1
DA:252,2
DA:253,0
DA:256,2
DA:258,2
DA:259,1
DA:263,1
DA:264,1
DA:266,1
DA:273,1
DA:291,0
DA:295,0
DA:296,0
DA:301,0
DA:306,0
DA:314,0
DA:316,0
DA:330,0
DA:332,0
DA:333,0
DA:338,0
DA:339,0
DA:340,0
DA:343,0
DA:344,0
DA:348,0
DA:351,0
DA:356,0
DA:357,0
DA:361,0
DA:368,0
DA:370,0
DA:382,0
DA:384,0
DA:393,0
DA:395,0
DA:396,0
DA:397,0
DA:398,0
DA:399,0
DA:400,0
DA:405,0
DA:411,0
DA:412,0
DA:413,0
DA:414,0
DA:416,0
DA:423,0
DA:428,0
DA:429,0
DA:433,0
DA:434,0
DA:450,3
DA:451,3
DA:452,1
DA:455,3
DA:459,3
DA:460,0
DA:463,3
DA:464,1
DA:467,2
DA:468,2
DA:470,2
DA:477,2
LF:134
LH:64
BRDA:33,0,0,1
BRDA:33,0,1,1
BRDA:34,1,0,1
BRDA:34,1,1,1
BRDA:35,2,0,1
BRDA:35,2,1,1
BRDA:36,3,0,1
BRDA:36,3,1,1
BRDA:70,4,0,1
BRDA:74,5,0,1
BRDA:82,6,0,1
BRDA:91,7,0,1
BRDA:116,8,0,0
BRDA:116,8,1,0
BRDA:162,9,0,0
BRDA:162,9,1,0
BRDA:185,10,0,0
BRDA:190,11,0,0
BRDA:207,12,0,0
BRDA:207,12,1,0
BRDA:229,13,0,4
BRDA:229,13,1,0
BRDA:236,14,0,1
BRDA:243,15,0,1
BRDA:248,16,0,1
BRDA:252,17,0,0
BRDA:258,18,0,1
BRDA:295,19,0,0
BRDA:301,20,0,0
BRDA:301,20,1,0
BRDA:332,21,0,0
BRDA:338,22,0,0
BRDA:343,23,0,0
BRDA:356,24,0,0
BRDA:395,25,0,0
BRDA:395,26,0,0
BRDA:395,26,1,0
BRDA:395,27,0,0
BRDA:395,27,1,0
BRDA:397,28,0,0
BRDA:399,29,0,0
BRDA:428,30,0,0
BRDA:451,31,0,1
BRDA:459,32,0,0
BRDA:463,33,0,1
BRF:45
BRH:19
end_of_record
TN:
SF:src/modules/auth/dto/login.dto.ts
FNF:0
FNH:0
DA:1,0
DA:3,0
DA:5,0
DA:9,0
LF:4
LH:0
BRF:0
BRH:0
end_of_record
TN:
SF:src/modules/auth/dto/register.dto.ts
FNF:0
FNH:0
DA:1,0
DA:9,0
DA:13,0
DA:17,0
DA:21,0
DA:25,0
DA:30,0
DA:34,0
DA:38,0
DA:42,0
DA:46,0
DA:50,0
DA:53,0
DA:56,0
LF:14
LH:0
BRF:0
BRH:0
end_of_record
TN:
SF:src/modules/auth/dto/verify-otp.dto.ts
FNF:0
FNH:0
DA:1,0
DA:3,0
DA:5,0
DA:9,0
LF:4
LH:0
BRF:0
BRH:0
end_of_record
TN:
SF:src/modules/auth/strategies/jwt.strategy.ts
FN:17,(anonymous_4)
FN:28,(anonymous_5)
FNF:2
FNH:0
FNDA:0,(anonymous_4)
FNDA:0,(anonymous_5)
DA:1,0
DA:2,0
DA:3,0
DA:4,0
DA:5,0
DA:6,0
DA:16,0
DA:19,0
DA:21,0
DA:29,0
DA:33,0
DA:34,0
DA:37,0
LF:13
LH:0
BRDA:24,0,0,0
BRDA:24,0,1,0
BRDA:33,1,0,0
BRF:3
BRH:0
end_of_record
TN:
SF:src/modules/claim/claim-document.service.ts
FN:15,(anonymous_4)
FN:26,(anonymous_5)
FN:98,(anonymous_6)
FN:118,(anonymous_7)
FNF:4
FNH:4
FNDA:8,(anonymous_4)
FNDA:4,(anonymous_5)
FNDA:2,(anonymous_6)
FNDA:2,(anonymous_7)
DA:1,1
DA:2,1
DA:3,1
DA:4,1
DA:5,1
DA:6,1
DA:7,1
DA:8,1
DA:9,1
DA:10,1
DA:11,1
DA:14,1
DA:17,8
DA:19,8
DA:21,8
DA:22,8
DA:23,8
DA:36,4
DA:40,4
DA:42,3
DA:47,1
DA:50,2
DA:51,2
DA:60,2
DA:61,1
DA:64,2
DA:66,2
DA:75,2
DA:79,2
DA:80,2
DA:86,2
DA:95,2
DA:103,2
DA:105,2
DA:106,1
DA:109,1
DA:112,1
DA:119,2
DA:122,2
DA:124,1
DA:125,1
LF:41
LH:41
BRDA:40,0,0,1
BRDA:42,1,0,1
BRDA:43,2,0,3
BRDA:43,2,1,2
BRDA:43,2,2,2
BRDA:60,3,0,1
BRDA:79,4,0,2
BRDA:79,5,0,0
BRDA:79,5,1,2
BRDA:79,6,0,2
BRDA:79,6,1,2
BRDA:105,7,0,1
BRDA:109,8,0,1
BRDA:122,9,0,1
BRF:14
BRH:13
end_of_record
TN:
SF:src/modules/claim/claim.controller.ts
FN:31,(anonymous_4)
FN:40,(anonymous_5)
FN:62,(anonymous_6)
FN:70,(anonymous_7)
FN:80,(anonymous_8)
FN:100,(anonymous_9)
FN:110,(anonymous_10)
FN:128,(anonymous_11)
FN:148,(anonymous_12)
FNF:9
FNH:0
FNDA:0,(anonymous_4)
FNDA:0,(anonymous_5)
FNDA:0,(anonymous_6)
FNDA:0,(anonymous_7)
FNDA:0,(anonymous_8)
FNDA:0,(anonymous_9)
FNDA:0,(anonymous_10)
FNDA:0,(anonymous_11)
FNDA:0,(anonymous_12)
DA:1,0
DA:17,0
DA:18,0
DA:19,0
DA:20,0
DA:21,0
DA:22,0
DA:23,0
DA:24,0
DA:25,0
DA:30,0
DA:32,0
DA:33,0
DA:40,0
DA:53,0
DA:62,0
DA:63,0
DA:70,0
DA:71,0
DA:80,0
DA:87,0
DA:100,0
DA:101,0
DA:110,0
DA:121,0
DA:128,0
DA:141,0
DA:148,0
DA:149,0
LF:29
LH:0
BRF:0
BRH:0
end_of_record
TN:
SF:src/modules/claim/claim.module.ts
FNF:0
FNH:0
DA:1,0
DA:2,0
DA:3,0
DA:4,0
DA:5,0
DA:6,0
DA:7,0
DA:8,0
DA:9,0
DA:10,0
DA:11,0
DA:12,0
DA:13,0
DA:24,0
LF:14
LH:0
BRF:0
BRH:0
end_of_record
TN:
SF:src/modules/claim/claim.service.ts
FN:22,(anonymous_4)
FN:42,(anonymous_5)
FN:124,(anonymous_6)
FN:134,(anonymous_7)
FN:162,(anonymous_8)
FN:204,(anonymous_9)
FN:354,(anonymous_10)
FN:363,(anonymous_11)
FN:367,(anonymous_12)
FN:368,(anonymous_13)
FN:380,(anonymous_14)
FNF:11
FNH:4
FNDA:9,(anonymous_4)
FNDA:5,(anonymous_5)
FNDA:0,(anonymous_6)
FNDA:0,(anonymous_7)
FNDA:0,(anonymous_8)
FNDA:4,(anonymous_9)
FNDA:0,(anonymous_10)
FNDA:0,(anonymous_11)
FNDA:0,(anonymous_12)
FNDA:0,(anonymous_13)
FNDA:3,(anonymous_14)
DA:1,1
DA:7,1
DA:8,1
DA:9,1
DA:10,1
DA:11,1
DA:12,1
DA:13,1
DA:14,1
DA:15,1
DA:16,1
DA:17,1
DA:18,1
DA:19,1
DA:21,1
DA:24,9
DA:26,9
DA:28,9
DA:30,9
DA:32,9
DA:33,9
DA:34,9
DA:36,9
DA:54,5
DA:58,5
DA:59,1
DA:62,4
DA:63,4
DA:64,4
DA:65,4
DA:66,1
DA:72,3
DA:73,1
DA:76,2
DA:77,1
DA:82,1
DA:94,1
DA:97,1
DA:106,1
DA:118,1
DA:125,0
DA:135,0
DA:138,0
DA:139,0
DA:142,0
DA:147,0
DA:148,0
DA:151,0
DA:174,0
DA:175,0
DA:177,0
DA:178,0
DA:180,0
DA:182,0
DA:183,0
DA:185,0
DA:186,0
DA:189,0
DA:197,0
DA:215,4
DA:219,4
DA:220,1
DA:224,3
DA:227,3
DA:228,3
DA:230,1
DA:231,1
DA:232,1
DA:233,1
DA:234,1
DA:235,1
DA:236,1
DA:237,2
DA:239,2
DA:240,1
DA:244,1
DA:245,1
DA:246,1
DA:247,1
DA:248,1
DA:249,1
DA:251,0
DA:253,0
DA:254,0
DA:255,0
DA:256,0
DA:257,0
DA:258,0
DA:259,0
DA:260,0
DA:261,0
DA:262,0
DA:263,0
DA:264,0
DA:265,0
DA:266,0
DA:267,0
DA:268,0
DA:269,0
DA:273,0
DA:286,0
DA:290,0
DA:291,0
DA:293,0
DA:296,0
DA:297,0
DA:298,0
DA:301,2
DA:304,2
DA:305,1
DA:316,2
DA:326,2
DA:331,2
DA:332,0
DA:339,2
DA:348,2
DA:359,0
DA:360,0
DA:362,0
DA:363,0
DA:366,0
DA:367,0
DA:368,0
DA:370,0
DA:381,3
DA:403,3
DA:404,3
DA:405,0
LF:128
LH:73
BRDA:58,0,0,1
BRDA:62,1,0,4
BRDA:65,2,0,1
BRDA:72,3,0,1
BRDA:76,4,0,1
BRDA:87,5,0,0
BRDA:87,5,1,1
BRDA:138,6,0,0
BRDA:147,7,0,0
BRDA:174,8,0,0
BRDA:174,9,0,0
BRDA:177,10,0,0
BRDA:178,11,0,0
BRDA:180,12,0,0
BRDA:180,12,1,0
BRDA:183,13,0,0
BRDA:219,14,0,1
BRDA:227,15,0,3
BRDA:227,15,1,0
BRDA:228,16,0,1
BRDA:228,16,1,2
BRDA:235,17,0,1
BRDA:235,17,1,0
BRDA:235,18,0,0
BRDA:235,18,1,1
BRDA:235,19,0,1
BRDA:235,19,1,1
BRDA:236,20,0,0
BRDA:236,21,0,0
BRDA:236,21,1,1
BRDA:236,22,0,1
BRDA:236,22,1,1
BRDA:236,23,0,0
BRDA:236,23,1,0
BRDA:236,24,0,0
BRDA:236,24,1,0
BRDA:237,25,0,2
BRDA:237,25,1,0
BRDA:239,26,0,1
BRDA:248,27,0,1
BRDA:248,27,1,0
BRDA:248,28,0,0
BRDA:248,28,1,1
BRDA:248,29,0,1
BRDA:248,29,1,1
BRDA:249,30,0,0
BRDA:249,31,0,0
BRDA:249,31,1,1
BRDA:249,32,0,1
BRDA:249,32,1,1
BRDA:249,33,0,0
BRDA:249,33,1,0
BRDA:249,34,0,0
BRDA:249,34,1,0
BRDA:253,35,0,0
BRDA:253,35,1,0
BRDA:255,36,0,0
BRDA:255,36,1,0
BRDA:255,37,0,0
BRDA:255,37,1,0
BRDA:258,38,0,0
BRDA:258,38,1,0
BRDA:262,39,0,0
BRDA:262,39,1,0
BRDA:265,40,0,0
BRDA:265,40,1,0
BRDA:267,41,0,0
BRDA:268,42,0,0
BRDA:276,43,0,0
BRDA:276,43,1,0
BRDA:290,44,0,0
BRDA:292,45,0,0
BRDA:292,45,1,0
BRDA:304,46,0,1
BRDA:304,47,0,2
BRDA:304,47,1,2
BRDA:331,48,0,0
BRDA:331,49,0,2
BRDA:331,49,1,0
BRDA:331,50,0,2
BRDA:331,50,1,2
BRDA:331,51,0,2
BRDA:331,51,1,0
BRDA:331,52,0,2
BRDA:331,52,1,2
BRDA:368,53,0,0
BRDA:368,53,1,0
BRDA:404,54,0,0
BRDA:404,55,0,3
BRDA:404,55,1,3
BRDA:406,56,0,0
BRDA:406,56,1,0
BRDA:406,57,0,0
BRDA:406,57,1,0
BRDA:406,58,0,0
BRDA:406,58,1,0
BRF:96
BRH:37
end_of_record
TN:
SF:src/modules/commission/commission.controller.ts
FN:26,(anonymous_4)
FN:33,(anonymous_5)
FN:65,(anonymous_6)
FN:70,(anonymous_7)
FN:75,(anonymous_8)
FN:80,(anonymous_9)
FNF:6
FNH:0
FNDA:0,(anonymous_4)
FNDA:0,(anonymous_5)
FNDA:0,(anonymous_6)
FNDA:0,(anonymous_7)
FNDA:0,(anonymous_8)
FNDA:0,(anonymous_9)
DA:1,0
DA:13,0
DA:14,0
DA:15,0
DA:16,0
DA:17,0
DA:18,0
DA:19,0
DA:21,0
DA:25,0
DA:27,0
DA:28,0
DA:33,0
DA:40,0
DA:41,0
DA:43,0
DA:44,0
DA:54,0
DA:55,0
DA:56,0
DA:65,0
DA:66,0
DA:70,0
DA:71,0
DA:75,0
DA:76,0
DA:80,0
DA:85,0
LF:28
LH:0
BRDA:40,0,0,0
BRDA:40,0,1,0
BRDA:41,1,0,0
BRDA:41,1,1,0
BRDA:43,2,0,0
BRDA:43,3,0,0
BRDA:43,3,1,0
BRDA:55,4,0,0
BRF:8
BRH:0
end_of_record
TN:
SF:src/modules/commission/commission.module.ts
FNF:0
FNH:0
DA:1,0
DA:2,0
DA:3,0
DA:4,0
DA:5,0
DA:6,0
DA:7,0
DA:8,0
DA:9,0
DA:19,0
LF:10
LH:0
BRF:0
BRH:0
end_of_record
TN:
SF:src/modules/commission/commission.service.ts
FN:11,(anonymous_4)
FN:26,(anonymous_5)
FN:127,(anonymous_6)
FN:159,(anonymous_7)
FN:205,(anonymous_8)
FN:262,(anonymous_9)
FN:304,(anonymous_10)
FNF:7
FNH:0
FNDA:0,(anonymous_4)
FNDA:0,(anonymous_5)
FNDA:0,(anonymous_6)
FNDA:0,(anonymous_7)
FNDA:0,(anonymous_8)
FNDA:0,(anonymous_9)
FNDA:0,(anonymous_10)
DA:1,1
DA:2,1
DA:3,1
DA:4,1
DA:5,1
DA:6,1
DA:7,1
DA:8,1
DA:10,1
DA:13,0
DA:15,0
DA:17,0
DA:19,0
DA:30,0
DA:34,0
DA:35,0
DA:39,0
DA:43,0
DA:44,0
DA:48,0
DA:52,0
DA:53,0
DA:57,0
DA:59,0
DA:71,0
DA:74,0
DA:75,0
DA:78,0
DA:79,0
DA:83,0
DA:84,0
DA:85,0
DA:86,0
DA:88,0
DA:100,0
DA:102,0
DA:104,0
DA:109,0
DA:121,0
DA:132,0
DA:136,0
DA:137,0
DA:138,0
DA:141,0
DA:143,0
DA:144,0
DA:145,0
DA:148,0
DA:149,0
DA:150,0
DA:153,0
DA:160,0
DA:164,0
DA:165,0
DA:166,0
DA:168,0
DA:169,0
DA:174,0
DA:175,0
DA:176,0
DA:178,0
DA:181,0
DA:185,0
DA:186,0
DA:188,0
DA:191,0
DA:199,0
DA:210,0
DA:214,0
DA:215,0
DA:216,0
DA:220,0
DA:222,0
DA:223,0
DA:224,0
DA:226,0
DA:229,0
DA:233,0
DA:234,0
DA:236,0
DA:237,0
DA:240,0
DA:243,0
DA:251,0
DA:274,0
DA:275,0
DA:277,0
DA:278,0
DA:280,0
DA:282,0
DA:283,0
DA:285,0
DA:286,0
DA:287,0
DA:290,0
DA:298,0
DA:311,0
DA:315,0
DA:317,0
DA:324,0
LF:100
LH:9
BRDA:34,0,0,0
BRDA:34,1,0,0
BRDA:34,1,1,0
BRDA:43,2,0,0
BRDA:52,3,0,0
BRDA:78,4,0,0
BRDA:83,5,0,0
BRDA:85,6,0,0
BRDA:136,7,0,0
BRDA:137,8,0,0
BRDA:141,9,0,0
BRDA:141,9,1,0
BRDA:164,10,0,0
BRDA:165,11,0,0
BRDA:168,12,0,0
BRDA:185,13,0,0
BRDA:214,14,0,0
BRDA:215,15,0,0
BRDA:233,16,0,0
BRDA:236,17,0,0
BRDA:274,18,0,0
BRDA:274,19,0,0
BRDA:277,20,0,0
BRDA:278,21,0,0
BRDA:280,22,0,0
BRDA:280,22,1,0
BRDA:283,23,0,0
BRDA:315,24,0,0
BRF:28
BRH:0
end_of_record
TN:
SF:src/modules/hospital/hospital.controller.ts
FN:24,(anonymous_4)
FN:31,(anonymous_5)
FN:39,(anonymous_6)
FN:53,(anonymous_7)
FN:75,(anonymous_8)
FN:102,(anonymous_9)
FN:112,(anonymous_10)
FN:122,(anonymous_11)
FNF:8
FNH:0
FNDA:0,(anonymous_4)
FNDA:0,(anonymous_5)
FNDA:0,(anonymous_6)
FNDA:0,(anonymous_7)
FNDA:0,(anonymous_8)
FNDA:0,(anonymous_9)
FNDA:0,(anonymous_10)
FNDA:0,(anonymous_11)
DA:1,0
DA:13,0
DA:14,0
DA:15,0
DA:16,0
DA:17,0
DA:18,0
DA:19,0
DA:23,0
DA:24,0
DA:31,0
DA:32,0
DA:39,0
DA:41,0
DA:42,0
DA:44,0
DA:45,0
DA:46,0
DA:48,0
DA:53,0
DA:57,0
DA:58,0
DA:60,0
DA:61,0
DA:62,0
DA:67,0
DA:75,0
DA:80,0
DA:81,0
DA:83,0
DA:84,0
DA:85,0
DA:92,0
DA:102,0
DA:103,0
DA:112,0
DA:113,0
DA:122,0
DA:123,0
LF:39
LH:0
BRDA:41,0,0,0
BRDA:41,0,1,0
BRDA:41,1,0,0
BRDA:41,1,1,0
BRDA:42,2,0,0
BRDA:57,3,0,0
BRDA:57,3,1,0
BRDA:57,4,0,0
BRDA:57,4,1,0
BRDA:58,5,0,0
BRDA:80,6,0,0
BRDA:80,6,1,0
BRDA:80,7,0,0
BRDA:80,7,1,0
BRDA:81,8,0,0
BRF:15
BRH:0
end_of_record
TN:
SF:src/modules/hospital/hospital.module.ts
FNF:0
FNH:0
DA:1,0
DA:2,0
DA:3,0
DA:4,0
DA:5,0
DA:6,0
DA:7,0
DA:8,0
DA:9,0
DA:10,0
DA:21,0
LF:11
LH:0
BRF:0
BRH:0
end_of_record
TN:
SF:src/modules/hospital/hospital.service.ts
FN:17,(anonymous_4)
FN:31,(anonymous_5)
FN:74,(anonymous_6)
FN:85,(anonymous_7)
FN:137,(anonymous_8)
FN:159,(anonymous_9)
FN:214,(anonymous_10)
FN:223,(anonymous_11)
FNF:8
FNH:0
FNDA:0,(anonymous_4)
FNDA:0,(anonymous_5)
FNDA:0,(anonymous_6)
FNDA:0,(anonymous_7)
FNDA:0,(anonymous_8)
FNDA:0,(anonymous_9)
FNDA:0,(anonymous_10)
FNDA:0,(anonymous_11)
DA:1,0
DA:7,0
DA:8,0
DA:9,0
DA:10,0
DA:11,0
DA:12,0
DA:13,0
DA:14,0
DA:16,0
DA:19,0
DA:21,0
DA:23,0
DA:25,0
DA:38,0
DA:42,0
DA:43,0
DA:46,0
DA:47,0
DA:48,0
DA:53,0
DA:61,0
DA:75,0
DA:91,0
DA:95,0
DA:96,0
DA:101,0
DA:105,0
DA:106,0
DA:109,0
DA:110,0
DA:111,0
DA:113,0
DA:115,0
DA:118,0
DA:119,0
DA:124,0
DA:126,0
DA:134,0
DA:138,0
DA:142,0
DA:144,0
DA:147,0
DA:150,0
DA:173,0
DA:176,0
DA:177,0
DA:180,0
DA:182,0
DA:194,0
DA:196,0
DA:208,0
DA:215,0
DA:224,0
DA:228,0
DA:230,0
DA:231,0
DA:233,0
LF:58
LH:0
BRDA:42,0,0,0
BRDA:47,1,0,0
BRDA:95,2,0,0
BRDA:105,3,0,0
BRDA:111,4,0,0
BRDA:111,4,1,0
BRDA:113,5,0,0
BRDA:113,5,1,0
BRDA:120,6,0,0
BRDA:120,6,1,0
BRDA:142,7,0,0
BRDA:147,8,0,0
BRDA:176,9,0,0
BRDA:228,10,0,0
BRF:14
BRH:0
end_of_record
TN:
SF:src/modules/logger/logger.module.ts
FN:19,(anonymous_1)
FN:23,(anonymous_2)
FNF:2
FNH:0
FNDA:0,(anonymous_1)
FNDA:0,(anonymous_2)
DA:1,0
DA:2,0
DA:19,0
DA:23,0
DA:31,0
LF:5
LH:0
BRF:0
BRH:0
end_of_record
TN:
SF:src/modules/membership/membership.controller.ts
FN:10,(anonymous_4)
FN:17,(anonymous_5)
FN:26,(anonymous_6)
FN:35,(anonymous_7)
FNF:4
FNH:0
FNDA:0,(anonymous_4)
FNDA:0,(anonymous_5)
FNDA:0,(anonymous_6)
FNDA:0,(anonymous_7)
DA:1,0
DA:2,0
DA:3,0
DA:4,0
DA:9,0
DA:10,0
DA:17,0
DA:18,0
DA:26,0
DA:27,0
DA:35,0
DA:36,0
DA:37,0
LF:13
LH:0
BRF:0
BRH:0
end_of_record
TN:
SF:src/modules/membership/membership.module.ts
FNF:0
FNH:0
DA:1,0
DA:2,0
DA:3,0
DA:4,0
DA:5,0
DA:6,0
DA:7,0
DA:15,0
LF:8
LH:0
BRF:0
BRH:0
end_of_record
TN:
SF:src/modules/membership/membership.service.ts
FN:10,(anonymous_4)
FN:22,(anonymous_5)
FN:82,(anonymous_6)
FN:105,(anonymous_7)
FNF:4
FNH:0
FNDA:0,(anonymous_4)
FNDA:0,(anonymous_5)
FNDA:0,(anonymous_6)
FNDA:0,(anonymous_7)
DA:1,0
DA:2,0
DA:3,0
DA:4,0
DA:5,0
DA:6,0
DA:9,0
DA:12,0
DA:14,0
DA:16,0
DA:35,0
DA:40,0
DA:41,0
DA:44,0
DA:47,0
DA:54,0
DA:56,0
DA:82,0
DA:115,0
DA:120,0
DA:121,0
DA:124,0
DA:125,0
DA:130,0
DA:131,0
DA:133,0
DA:134,0
DA:135,0
DA:137,0
DA:138,0
DA:140,0
DA:146,0
LF:32
LH:0
BRDA:40,0,0,0
BRDA:44,1,0,0
BRDA:44,1,1,0
BRDA:54,2,0,0
BRDA:54,2,1,0
BRDA:54,3,0,0
BRDA:54,3,1,0
BRDA:54,4,0,0
BRDA:54,4,1,0
BRDA:54,5,0,0
BRDA:54,5,1,0
BRDA:69,6,0,0
BRDA:69,6,1,0
BRDA:95,7,0,0
BRDA:95,7,1,0
BRDA:95,8,0,0
BRDA:95,8,1,0
BRDA:95,9,0,0
BRDA:95,9,1,0
BRDA:97,10,0,0
BRDA:97,10,1,0
BRDA:97,11,0,0
BRDA:97,11,1,0
BRDA:97,12,0,0
BRDA:97,12,1,0
BRDA:97,13,0,0
BRDA:97,13,1,0
BRDA:97,14,0,0
BRDA:97,14,1,0
BRDA:120,15,0,0
BRDA:125,16,0,0
BRDA:125,16,1,0
BRDA:133,17,0,0
BRDA:137,18,0,0
BRDA:137,18,1,0
BRDA:147,19,0,0
BRDA:147,19,1,0
BRDA:147,20,0,0
BRDA:147,20,1,0
BRDA:147,21,0,0
BRDA:147,21,1,0
BRF:41
BRH:0
end_of_record
TN:
SF:src/modules/notification/notification.controller.ts
FN:18,(anonymous_4)
FN:21,(anonymous_5)
FN:34,(anonymous_6)
FN:40,(anonymous_7)
FN:45,(anonymous_8)
FNF:5
FNH:0
FNDA:0,(anonymous_4)
FNDA:0,(anonymous_5)
FNDA:0,(anonymous_6)
FNDA:0,(anonymous_7)
FNDA:0,(anonymous_8)
DA:1,0
DA:10,0
DA:11,0
DA:12,0
DA:17,0
DA:18,0
DA:21,0
DA:26,0
DA:34,0
DA:35,0
DA:36,0
DA:40,0
DA:41,0
DA:45,0
DA:46,0
LF:15
LH:0
BRDA:28,0,0,0
BRDA:28,0,1,0
BRDA:29,1,0,0
BRDA:29,1,1,0
BRF:4
BRH:0
end_of_record
TN:
SF:src/modules/notification/notification.module.ts
FNF:0
FNH:0
DA:1,0
DA:2,0
DA:3,0
DA:4,0
DA:5,0
DA:6,0
DA:14,0
LF:7
LH:0
BRF:0
BRH:0
end_of_record
TN:
SF:src/modules/notification/notification.service.ts
FN:13,(anonymous_4)
FN:23,(anonymous_5)
FN:46,(anonymous_6)
FN:55,(anonymous_7)
FN:67,(anonymous_8)
FN:94,(anonymous_9)
FN:107,(anonymous_10)
FN:117,(anonymous_11)
FNF:8
FNH:0
FNDA:0,(anonymous_4)
FNDA:0,(anonymous_5)
FNDA:0,(anonymous_6)
FNDA:0,(anonymous_7)
FNDA:0,(anonymous_8)
FNDA:0,(anonymous_9)
FNDA:0,(anonymous_10)
FNDA:0,(anonymous_11)
DA:1,6
DA:2,6
DA:3,6
DA:4,6
DA:8,6
DA:12,6
DA:15,0
DA:17,0
DA:31,0
DA:40,0
DA:54,0
DA:55,0
DA:59,0
DA:60,0
DA:77,0
DA:84,0
DA:88,0
DA:95,0
DA:98,0
DA:99,0
DA:100,0
DA:108,0
DA:118,0
LF:23
LH:6
BRDA:69,0,0,0
BRDA:70,1,0,0
BRDA:98,2,0,0
BRF:3
BRH:0
end_of_record
TN:
SF:src/modules/sms/sms.module.ts
FNF:0
FNH:0
DA:1,0
DA:2,0
DA:8,0
LF:3
LH:0
BRF:0
BRH:0
end_of_record
TN:
SF:src/modules/sms/sms.service.ts
FN:9,(anonymous_2)
FN:14,(anonymous_3)
FN:70,(anonymous_4)
FN:78,(anonymous_5)
FN:83,(anonymous_6)
FN:95,(anonymous_7)
FNF:6
FNH:0
FNDA:0,(anonymous_2)
FNDA:0,(anonymous_3)
FNDA:0,(anonymous_4)
FNDA:0,(anonymous_5)
FNDA:0,(anonymous_6)
FNDA:0,(anonymous_7)
DA:1,5
DA:4,5
DA:5,0
DA:10,0
DA:11,0
DA:15,0
DA:16,0
DA:19,0
DA:35,0
DA:38,0
DA:44,0
DA:45,0
DA:46,0
DA:47,0
DA:48,0
DA:50,0
DA:54,0
DA:55,0
DA:56,0
DA:57,0
DA:58,0
DA:61,0
DA:62,0
DA:64,0
DA:65,0
DA:66,0
DA:74,0
DA:75,0
DA:79,0
DA:80,0
DA:88,0
DA:92,0
DA:97,0
DA:98,0
DA:99,0
DA:100,0
LF:36
LH:2
BRDA:10,0,0,0
BRDA:10,0,1,0
BRDA:44,1,0,0
BRDA:44,1,1,0
BRDA:46,2,0,0
BRDA:46,3,0,0
BRDA:46,3,1,0
BRDA:46,4,0,0
BRDA:46,4,1,0
BRDA:46,5,0,0
BRDA:46,5,1,0
BRDA:50,6,0,0
BRDA:50,6,1,0
BRDA:51,7,0,0
BRDA:51,7,1,0
BRDA:51,8,0,0
BRDA:51,8,1,0
BRDA:51,9,0,0
BRDA:51,9,1,0
BRDA:56,10,0,0
BRDA:56,11,0,0
BRDA:56,11,1,0
BRDA:56,12,0,0
BRDA:56,12,1,0
BRDA:56,13,0,0
BRDA:56,13,1,0
BRDA:56,14,0,0
BRDA:56,14,1,0
BRDA:64,15,0,0
BRDA:64,15,1,0
BRDA:97,16,0,0
BRDA:98,17,0,0
BRDA:99,18,0,0
BRF:33
BRH:0
end_of_record
TN:
SF:src/modules/surgery/surgery.controller.ts
FN:9,(anonymous_4)
FN:12,(anonymous_5)
FNF:2
FNH:0
FNDA:0,(anonymous_4)
FNDA:0,(anonymous_5)
DA:1,0
DA:2,0
DA:3,0
DA:8,0
DA:9,0
DA:12,0
DA:13,0
LF:7
LH:0
BRF:0
BRH:0
end_of_record
TN:
SF:src/modules/surgery/surgery.module.ts
FNF:0
FNH:0
DA:1,0
DA:2,0
DA:3,0
DA:4,0
DA:5,0
DA:13,0
LF:6
LH:0
BRF:0
BRH:0
end_of_record
TN:
SF:src/modules/surgery/surgery.service.ts
FN:8,(anonymous_4)
FN:13,(anonymous_5)
FN:23,(anonymous_6)
FNF:3
FNH:0
FNDA:0,(anonymous_4)
FNDA:0,(anonymous_5)
FNDA:0,(anonymous_6)
DA:1,0
DA:2,0
DA:3,0
DA:4,0
DA:7,0
DA:10,0
DA:14,0
DA:15,0
DA:17,0
DA:24,0
LF:10
LH:0
BRDA:13,0,0,0
BRDA:15,1,0,0
BRF:2
BRH:0
end_of_record
TN:
SF:src/modules/users/users.controller.ts
FN:23,(anonymous_4)
FN:31,(anonymous_5)
FN:41,(anonymous_6)
FN:51,(anonymous_7)
FN:70,(anonymous_8)
FN:86,(anonymous_9)
FNF:6
FNH:0
FNDA:0,(anonymous_4)
FNDA:0,(anonymous_5)
FNDA:0,(anonymous_6)
FNDA:0,(anonymous_7)
FNDA:0,(anonymous_8)
FNDA:0,(anonymous_9)
DA:1,0
DA:12,0
DA:13,0
DA:14,0
DA:15,0
DA:16,0
DA:17,0
DA:22,0
DA:23,0
DA:31,0
DA:32,0
DA:41,0
DA:42,0
DA:51,0
DA:57,0
DA:58,0
DA:62,0
DA:70,0
DA:75,0
DA:76,0
DA:78,0
DA:86,0
DA:91,0
LF:23
LH:0
BRDA:57,0,0,0
BRDA:75,1,0,0
BRDA:75,2,0,0
BRDA:75,2,1,0
BRF:4
BRH:0
end_of_record
TN:
SF:src/modules/users/users.module.ts
FNF:0
FNH:0
DA:1,0
DA:2,0
DA:3,0
DA:4,0
DA:5,0
DA:6,0
DA:14,0
LF:7
LH:0
BRF:0
BRH:0
end_of_record
TN:
SF:src/modules/users/users.service.ts
FN:14,(anonymous_4)
FN:24,(anonymous_5)
FN:42,(anonymous_6)
FN:59,(anonymous_7)
FN:85,(anonymous_8)
FN:95,(anonymous_9)
FN:110,(anonymous_10)
FN:123,(anonymous_11)
FN:158,(anonymous_12)
FN:174,(anonymous_13)
FN:229,(anonymous_14)
FN:239,(anonymous_15)
FNF:12
FNH:0
FNDA:0,(anonymous_4)
FNDA:0,(anonymous_5)
FNDA:0,(anonymous_6)
FNDA:0,(anonymous_7)
FNDA:0,(anonymous_8)
FNDA:0,(anonymous_9)
FNDA:0,(anonymous_10)
FNDA:0,(anonymous_11)
FNDA:0,(anonymous_12)
FNDA:0,(anonymous_13)
FNDA:0,(anonymous_14)
FNDA:0,(anonymous_15)
DA:1,0
DA:6,0
DA:7,0
DA:8,0
DA:9,0
DA:10,0
DA:13,0
DA:16,0
DA:18,0
DA:25,0
DA:30,0
DA:31,0
DA:35,0
DA:36,0
DA:43,0
DA:48,0
DA:49,0
DA:52,0
DA:53,0
DA:69,0
DA:70,0
DA:72,0
DA:74,0
DA:75,0
DA:78,0
DA:80,0
DA:85,0
DA:87,0
DA:97,0
DA:101,0
DA:103,0
DA:110,0
DA:112,0
DA:129,0
DA:131,0
DA:132,0
DA:136,0
DA:137,0
DA:141,0
DA:142,0
DA:146,0
DA:148,0
DA:149,0
DA:150,0
DA:152,0
DA:159,0
DA:161,0
DA:162,0
DA:165,0
DA:166,0
DA:168,0
DA:181,0
DA:185,0
DA:189,0
DA:191,0
DA:192,0
DA:193,0
DA:195,0
DA:203,0
DA:209,0
DA:211,0
DA:212,0
DA:217,0
DA:230,0
DA:239,0
DA:240,0
LF:66
LH:0
BRDA:30,0,0,0
BRDA:48,1,0,0
BRDA:60,2,0,0
BRDA:61,3,0,0
BRDA:69,4,0,0
BRDA:69,4,1,0
BRDA:70,5,0,0
BRDA:70,5,1,0
BRDA:74,6,0,0
BRDA:91,7,0,0
BRDA:91,7,1,0
BRDA:101,8,0,0
BRDA:116,9,0,0
BRDA:116,9,1,0
BRDA:131,10,0,0
BRDA:136,11,0,0
BRDA:136,12,0,0
BRDA:136,12,1,0
BRDA:141,13,0,0
BRDA:141,14,0,0
BRDA:141,14,1,0
BRDA:161,15,0,0
BRF:22
BRH:0
end_of_record
TN:
SF:src/scripts/seed-reference.ts
FN:8,bootstrap
FN:336,(anonymous_1)
FN:337,(anonymous_2)
FNF:3
FNH:0
FNDA:0,bootstrap
FNDA:0,(anonymous_1)
FNDA:0,(anonymous_2)
DA:1,0
DA:2,0
DA:3,0
DA:4,0
DA:5,0
DA:6,0
DA:7,0
DA:9,0
DA:11,0
DA:12,0
DA:14,0
DA:15,0
DA:16,0
DA:18,0
DA:20,0
DA:21,0
DA:23,0
DA:24,0
DA:25,0
DA:26,0
DA:27,0
DA:28,0
DA:32,0
DA:198,0
DA:199,0
DA:200,0
DA:213,0
DA:216,0
DA:309,0
DA:310,0
DA:320,0
DA:322,0
DA:323,0
DA:325,0
DA:326,0
DA:327,0
DA:328,0
DA:330,0
DA:331,0
DA:335,0
DA:336,0
DA:338,0
DA:339,0
DA:340,0
LF:44
LH:0
BRDA:23,0,0,0
BRDA:23,1,0,0
BRDA:23,1,1,0
BRDA:326,2,0,0
BRDA:326,2,1,0
BRDA:338,3,0,0
BRDA:338,3,1,0
BRF:7
BRH:0
end_of_record
TN:
SF:src/scripts/seed.ts
FN:16,bootstrap
FN:506,(anonymous_1)
FN:507,(anonymous_2)
FNF:3
FNH:0
FNDA:0,bootstrap
FNDA:0,(anonymous_1)
FNDA:0,(anonymous_2)
DA:1,0
DA:2,0
DA:3,0
DA:4,0
DA:5,0
DA:6,0
DA:7,0
DA:8,0
DA:9,0
DA:10,0
DA:11,0
DA:12,0
DA:14,0
DA:17,0
DA:19,0
DA:20,0
DA:23,0
DA:27,0
DA:28,0
DA:29,0
DA:30,0
DA:33,0
DA:34,0
DA:35,0
DA:37,0
DA:41,0
DA:46,0
DA:58,0
DA:59,0
DA:64,0
DA:69,0
DA:81,0
DA:82,0
DA:87,0
DA:89,0
DA:101,0
DA:102,0
DA:105,0
DA:115,0
DA:116,0
DA:121,0
DA:122,0
DA:134,0
DA:137,0
DA:148,0
DA:149,0
DA:154,0
DA:156,0
DA:175,0
DA:176,0
DA:179,0
DA:194,0
DA:195,0
DA:198,0
DA:211,0
DA:212,0
DA:215,0
DA:216,0
DA:217,0
DA:222,0
DA:352,0
DA:353,0
DA:354,0
DA:364,0
DA:366,0
DA:371,0
DA:464,0
DA:465,0
DA:472,0
DA:474,0
DA:476,0
DA:478,0
DA:479,0
DA:480,0
DA:481,0
DA:482,0
DA:483,0
DA:484,0
DA:485,0
DA:486,0
DA:487,0
DA:488,0
DA:489,0
DA:490,0
DA:491,0
DA:492,0
DA:493,0
DA:495,0
DA:496,0
DA:497,0
DA:498,0
DA:500,0
DA:501,0
DA:505,0
DA:506,0
DA:508,0
DA:509,0
DA:510,0
LF:98
LH:0
BRDA:27,0,0,0
BRDA:42,1,0,0
BRDA:42,1,1,0
BRDA:65,2,0,0
BRDA:65,2,1,0
BRDA:87,3,0,0
BRDA:87,3,1,0
BRDA:121,4,0,0
BRDA:121,4,1,0
BRDA:496,5,0,0
BRDA:496,5,1,0
BRDA:508,6,0,0
BRDA:508,6,1,0
BRF:13
BRH:0
end_of_record
